[    0.000000] Linux version 4.15.0-200-generic (buildd@lcy02-amd64-069) (gcc version 7.5.0 (Ubuntu 7.5.0-3ubuntu1~18.04)) #211-Ubuntu SMP Thu Nov 24 18:16:04 UTC 2022 (Ubuntu 4.15.0-200.211-generic 4.15.18)
[    0.000000] Command line: BOOT_IMAGE=/boot/vmlinuz-4.15.0-200-generic root=LABEL=cloudimg-rootfs ro console=tty1 console=ttyS0
[    0.000000] KERNEL supported cpus:
[    0.000000]   Intel GenuineIntel
[    0.000000]   AMD AuthenticAMD
[    0.000000]   Centaur CentaurHauls
[    0.000000] x86/fpu: x87 FPU will use FXSAVE
[    0.000000] e820: BIOS-provided physical RAM map:
[    0.000000] BIOS-e820: [mem 0x0000000000000000-0x000000000009fbff] usable
[    0.000000] BIOS-e820: [mem 0x000000000009fc00-0x000000000009ffff] reserved
[    0.000000] BIOS-e820: [mem 0x00000000000f0000-0x00000000000fffff] reserved
[    0.000000] BIOS-e820: [mem 0x0000000000100000-0x000000003ffeffff] usable
[    0.000000] BIOS-e820: [mem 0x000000003fff0000-0x000000003fffffff] ACPI data
[    0.000000] BIOS-e820: [mem 0x00000000fec00000-0x00000000fec00fff] reserved
[    0.000000] BIOS-e820: [mem 0x00000000fee00000-0x00000000fee00fff] reserved
[    0.000000] BIOS-e820: [mem 0x00000000fffc0000-0x00000000ffffffff] reserved
[    0.000000] NX (Execute Disable) protection: active
[    0.000000] SMBIOS 2.5 present.
[    0.000000] DMI: innotek GmbH VirtualBox/VirtualBox, BIOS VirtualBox 12/01/2006
[    0.000000] Hypervisor detected: KVM
[    0.000000] e820: last_pfn = 0x3fff0 max_arch_pfn = 0x400000000
[    0.000000] MTRR: Disabled
[    0.000000] x86/PAT: MTRRs disabled, skipping PAT initialization too.
[    0.000000] CPU MTRRs all blank - virtualized system.
[    0.000000] x86/PAT: Configuration [0-7]: WB  WT  UC- UC  WB  WT  UC- UC  
[    0.000000] found SMP MP-table at [mem 0x0009fff0-0x0009ffff]
[    0.000000] Scanning 1 areas for low memory corruption
[    0.000000] RAMDISK: [mem 0x359c9000-0x36cdbfff]
[    0.000000] ACPI: Early table checksum verification disabled
[    0.000000] ACPI: RSDP 0x00000000000E0000 000024 (v02 VBOX  )
[    0.000000] ACPI: XSDT 0x000000003FFF0030 00003C (v01 VBOX   VBOXXSDT 00000001 ASL  00000061)
[    0.000000] ACPI: FACP 0x000000003FFF00F0 0000F4 (v04 VBOX   VBOXFACP 00000001 ASL  00000061)
[    0.000000] ACPI: DSDT 0x000000003FFF0470 002325 (v02 VBOX   VBOXBIOS 00000002 INTL 20100528)
[    0.000000] ACPI: FACS 0x000000003FFF0200 000040
[    0.000000] ACPI: FACS 0x000000003FFF0200 000040
[    0.000000] ACPI: APIC 0x000000003FFF0240 00005C (v02 VBOX   VBOXAPIC 00000001 ASL  00000061)
[    0.000000] ACPI: SSDT 0x000000003FFF02A0 0001CC (v01 VBOX   VBOXCPUT 00000002 INTL 20100528)
[    0.000000] ACPI: Reserving FACP table memory at [mem 0x3fff00f0-0x3fff01e3]
[    0.000000] ACPI: Reserving DSDT table memory at [mem 0x3fff0470-0x3fff2794]
[    0.000000] ACPI: Reserving FACS table memory at [mem 0x3fff0200-0x3fff023f]
[    0.000000] ACPI: Reserving FACS table memory at [mem 0x3fff0200-0x3fff023f]
[    0.000000] ACPI: Reserving APIC table memory at [mem 0x3fff0240-0x3fff029b]
[    0.000000] ACPI: Reserving SSDT table memory at [mem 0x3fff02a0-0x3fff046b]
[    0.000000] No NUMA configuration found
[    0.000000] Faking a node at [mem 0x0000000000000000-0x000000003ffeffff]
[    0.000000] NODE_DATA(0) allocated [mem 0x3ffc5000-0x3ffeffff]
[    0.000000] kvm-clock: cpu 0, msr 0:3ff44001, primary cpu clock
[    0.000000] kvm-clock: Using msrs 4b564d01 and 4b564d00
[    0.000000] kvm-clock: using sched offset of 8289374028 cycles
[    0.000000] clocksource: kvm-clock: mask: 0xffffffffffffffff max_cycles: 0x1cd42e4dffb, max_idle_ns: 881590591483 ns
[    0.000000] Zone ranges:
[    0.000000]   DMA      [mem 0x0000000000001000-0x0000000000ffffff]
[    0.000000]   DMA32    [mem 0x0000000001000000-0x000000003ffeffff]
[    0.000000]   Normal   empty
[    0.000000]   Device   empty
[    0.000000] Movable zone start for each node
[    0.000000] Early memory node ranges
[    0.000000]   node   0: [mem 0x0000000000001000-0x000000000009efff]
[    0.000000]   node   0: [mem 0x0000000000100000-0x000000003ffeffff]
[    0.000000] Reserved but unavailable: 104 pages
[    0.000000] Initmem setup node 0 [mem 0x0000000000001000-0x000000003ffeffff]
[    0.000000] ACPI: PM-Timer IO Port: 0x4008
[    0.000000] IOAPIC[0]: apic_id 2, version 32, address 0xfec00000, GSI 0-23
[    0.000000] ACPI: INT_SRC_OVR (bus 0 bus_irq 0 global_irq 2 dfl dfl)
[    0.000000] ACPI: INT_SRC_OVR (bus 0 bus_irq 9 global_irq 9 low level)
[    0.000000] Using ACPI (MADT) for SMP configuration information
[    0.000000] smpboot: Allowing 2 CPUs, 0 hotplug CPUs
[    0.000000] PM: Registered nosave memory: [mem 0x00000000-0x00000fff]
[    0.000000] PM: Registered nosave memory: [mem 0x0009f000-0x0009ffff]
[    0.000000] PM: Registered nosave memory: [mem 0x000a0000-0x000effff]
[    0.000000] PM: Registered nosave memory: [mem 0x000f0000-0x000fffff]
[    0.000000] e820: [mem 0x40000000-0xfebfffff] available for PCI devices
[    0.000000] Booting paravirtualized kernel on KVM
[    0.000000] clocksource: refined-jiffies: mask: 0xffffffff max_cycles: 0xffffffff, max_idle_ns: 7645519600211568 ns
[    0.000000] setup_percpu: NR_CPUS:8192 nr_cpumask_bits:2 nr_cpu_ids:2 nr_node_ids:1
[    0.000000] percpu: Embedded 50 pages/cpu s167936 r8192 d28672 u1048576
[    0.000000] PV qspinlock hash table entries: 256 (order: 0, 4096 bytes)
[    0.000000] Built 1 zonelists, mobility grouping on.  Total pages: 257913
[    0.000000] Policy zone: DMA32
[    0.000000] Kernel command line: BOOT_IMAGE=/boot/vmlinuz-4.15.0-200-generic root=LABEL=cloudimg-rootfs ro console=tty1 console=ttyS0
[    0.000000] Memory: 982648K/1048120K available (12300K kernel code, 2477K rwdata, 4320K rodata, 2472K init, 2720K bss, 65472K reserved, 0K cma-reserved)
[    0.000000] SLUB: HWalign=64, Order=0-3, MinObjects=0, CPUs=2, Nodes=1
[    0.000000] ftrace: allocating 39478 entries in 155 pages
[    0.004000] Hierarchical RCU implementation.
[    0.004000] 	RCU restricting CPUs from NR_CPUS=8192 to nr_cpu_ids=2.
[    0.004000] 	Tasks RCU enabled.
[    0.004000] RCU: Adjusting geometry for rcu_fanout_leaf=16, nr_cpu_ids=2
[    0.004000] NR_IRQS: 524544, nr_irqs: 440, preallocated irqs: 16
[    0.004000] Console: colour VGA+ 80x25
[    0.004000] console [tty1] enabled
[    0.004000] console [ttyS0] enabled
[    0.004000] ACPI: Core revision 20170831
[    0.004000] ACPI: 2 ACPI AML tables successfully acquired and loaded
[    0.004000] APIC: Switch to symmetric I/O mode setup
[    0.004000] ..TIMER: vector=0x30 apic1=0 pin1=2 apic2=-1 pin2=-1
[    0.004016] tsc: Detected 1190.403 MHz processor
[    0.008031] Calibrating delay loop (skipped) preset value.. 2380.80 BogoMIPS (lpj=4761612)
[    0.012016] pid_max: default: 32768 minimum: 301
[    0.016291] Security Framework initialized
[    0.020013] Yama: becoming mindful.
[    0.024291] AppArmor: AppArmor initialized
[    0.044120] Dentry cache hash table entries: 131072 (order: 8, 1048576 bytes)
[    0.055211] Inode-cache hash table entries: 65536 (order: 7, 524288 bytes)
[    0.056280] Mount-cache hash table entries: 2048 (order: 2, 16384 bytes)
[    0.064127] Mountpoint-cache hash table entries: 2048 (order: 2, 16384 bytes)
[    0.076000] Last level iTLB entries: 4KB 0, 2MB 0, 4MB 0
[    0.076014] Last level dTLB entries: 4KB 0, 2MB 0, 4MB 0, 1GB 0
[    0.080024] Spectre V1 : Mitigation: usercopy/swapgs barriers and __user pointer sanitization
[    0.084020] Spectre V2 : Mitigation: Enhanced IBRS
[    0.092011] Spectre V2 : Spectre v2 / SpectreRSB mitigation: Filling RSB on context switch
[    0.096019] Speculative Store Bypass: Vulnerable
[    0.100264] MMIO Stale Data: Vulnerable: Clear CPU buffers attempted, no microcode
[    0.104705] Freeing SMP alternatives memory: 36K
[    0.233888] smpboot: CPU0: Intel(R) Core(TM) i5-1035G1 CPU @ 1.00GHz (family: 0x6, model: 0x7e, stepping: 0x5)
[    0.237853] Performance Events: unsupported p6 CPU model 126 no PMU driver, software events only.
[    0.240705] Hierarchical SRCU implementation.
[    0.250808] NMI watchdog: Perf event create on CPU 0 failed with -2
[    0.252018] NMI watchdog: Perf NMI watchdog permanently disabled
[    0.260753] smp: Bringing up secondary CPUs ...
[    0.269320] x86: Booting SMP configuration:
[    0.272018] .... node  #0, CPUs:      #1
[    0.004000] kvm-clock: cpu 1, msr 0:3ff44041, secondary cpu clock
[    0.316000] TSC synchronization [CPU#0 -> CPU#1]:
[    0.316000] Measured 84442 cycles TSC warp between CPUs, turning off TSC clock.
[    0.316000] tsc: Marking TSC unstable due to check_tsc_sync_source failed
[    0.325024] smp: Brought up 1 node, 2 CPUs
[    0.328028] smpboot: Max logical packages: 1
[    0.336029] smpboot: Total of 2 processors activated (4761.61 BogoMIPS)
[    0.352289] devtmpfs: initialized
[    0.356699] x86/mm: Memory block size: 128MB
[    0.361543] evm: security.selinux
[    0.364012] evm: security.SMACK64
[    0.368017] evm: security.SMACK64EXEC
[    0.372016] evm: security.SMACK64TRANSMUTE
[    0.376014] evm: security.SMACK64MMAP
[    0.380013] evm: security.apparmor
[    0.384012] evm: security.ima
[    0.388010] evm: security.capability
[    0.400373] clocksource: jiffies: mask: 0xffffffff max_cycles: 0xffffffff, max_idle_ns: 7645041785100000 ns
[    0.404396] futex hash table entries: 512 (order: 3, 32768 bytes)
[    0.408762] pinctrl core: initialized pinctrl subsystem
[    0.416017] RTC time: 11:43:43, date: 05/23/23
[    0.426291] NET: Registered protocol family 16
[    0.432417] audit: initializing netlink subsys (disabled)
[    0.440022] audit: type=2000 audit(1684842231.033:1): state=initialized audit_enabled=0 res=1
[    0.472028] cpuidle: using governor ladder
[    0.476054] cpuidle: using governor menu
[    0.480171] ACPI: bus type PCI registered
[    0.484017] acpiphp: ACPI Hot Plug PCI Controller Driver version: 0.5
[    0.492438] PCI: Using configuration type 1 for base access
[    0.512024] HugeTLB registered 2.00 MiB page size, pre-allocated 0 pages
[    0.529277] ACPI: Added _OSI(Module Device)
[    0.552025] ACPI: Added _OSI(Processor Device)
[    0.576021] ACPI: Added _OSI(3.0 _SCP Extensions)
[    0.596027] ACPI: Added _OSI(Processor Aggregator Device)
[    0.620020] ACPI: Added _OSI(Linux-Dell-Video)
[    0.640025] ACPI: Added _OSI(Linux-Lenovo-NV-HDMI-Audio)
[    0.664022] ACPI: Added _OSI(Linux-HPI-Hybrid-Graphics)
[    0.693068] ACPI: Executed 1 blocks of module-level executable AML code
[    0.739383] ACPI: Interpreter enabled
[    0.760060] ACPI: (supports S0 S5)
[    0.776017] ACPI: Using IOAPIC for interrupt routing
[    0.801521] PCI: Using host bridge windows from ACPI; if necessary, use "pci=nocrs" and report a bug
[    0.845206] ACPI: Enabled 2 GPEs in block 00 to 07
[    0.916389] ACPI: PCI Root Bridge [PCI0] (domain 0000 [bus 00-ff])
[    0.944041] acpi PNP0A03:00: _OSC: OS supports [ASPM ClockPM Segments MSI]
[    0.980762] acpi PNP0A03:00: _OSC: not requesting OS control; OS requires [ExtendedConfig ASPM ClockPM MSI]
[    1.024078] acpi PNP0A03:00: fail to add MMCONFIG information, can't access extended PCI configuration space under this bridge.
[    1.077153] PCI host bridge to bus 0000:00
[    1.096024] pci_bus 0000:00: root bus resource [io  0x0000-0x0cf7 window]
[    1.120026] pci_bus 0000:00: root bus resource [io  0x0d00-0xffff window]
[    1.148025] pci_bus 0000:00: root bus resource [mem 0x000a0000-0x000bffff window]
[    1.176030] pci_bus 0000:00: root bus resource [mem 0x40000000-0xfdffffff window]
[    1.204022] pci_bus 0000:00: root bus resource [bus 00-ff]
[    1.252708] pci 0000:00:01.1: legacy IDE quirk: reg 0x10: [io  0x01f0-0x01f7]
[    1.280020] pci 0000:00:01.1: legacy IDE quirk: reg 0x14: [io  0x03f6]
[    1.304031] pci 0000:00:01.1: legacy IDE quirk: reg 0x18: [io  0x0170-0x0177]
[    1.332021] pci 0000:00:01.1: legacy IDE quirk: reg 0x1c: [io  0x0376]
[    1.426402] pci 0000:00:07.0: quirk: [io  0x4000-0x403f] claimed by PIIX4 ACPI
[    1.456172] pci 0000:00:07.0: quirk: [io  0x4100-0x410f] claimed by PIIX4 SMB
[    1.536106] ACPI: PCI Interrupt Link [LNKA] (IRQs 5 9 10 *11)
[    1.566265] ACPI: PCI Interrupt Link [LNKB] (IRQs 5 9 *10 11)
[    1.592795] ACPI: PCI Interrupt Link [LNKC] (IRQs 5 *9 10 11)
[    1.617098] ACPI: PCI Interrupt Link [LNKD] (IRQs 5 9 10 *11)
[    1.646847] SCSI subsystem initialized
[    1.664889] pci 0000:00:02.0: vgaarb: setting as boot VGA device
[    1.668000] pci 0000:00:02.0: vgaarb: VGA device added: decodes=io+mem,owns=io+mem,locks=none
[    1.724033] pci 0000:00:02.0: vgaarb: bridge control possible
[    1.744016] vgaarb: loaded
[    1.752159] ACPI: bus type USB registered
[    1.772166] usbcore: registered new interface driver usbfs
[    1.796064] usbcore: registered new interface driver hub
[    1.816078] usbcore: registered new device driver usb
[    1.845597] EDAC MC: Ver: 3.0.0
[    1.868985] PCI: Using ACPI for IRQ routing
[    1.890542] NetLabel: Initializing
[    1.904025] NetLabel:  domain hash size = 128
[    1.928016] NetLabel:  protocols = UNLABELED CIPSOv4 CALIPSO
[    1.952625] NetLabel:  unlabeled traffic allowed by default
[    1.980857] clocksource: Switched to clocksource kvm-clock
[    2.042280] VFS: Disk quotas dquot_6.6.0
[    2.042280] VFS: Dquot-cache hash table entries: 512 (order 0, 4096 bytes)
[    2.042280] AppArmor: AppArmor Filesystem Enabled
[    2.042280] pnp: PnP ACPI init
[    2.042280] pnp: PnP ACPI: found 3 devices
[    2.367208] clocksource: acpi_pm: mask: 0xffffff max_cycles: 0xffffff, max_idle_ns: 2085701024 ns
[    2.369008] NET: Registered protocol family 2
[    2.369008] IP idents hash table entries: 16384 (order: 5, 131072 bytes)
[    2.428695] TCP established hash table entries: 8192 (order: 4, 65536 bytes)
[    2.453551] TCP bind hash table entries: 8192 (order: 5, 131072 bytes)
[    2.477496] TCP: Hash tables configured (established 8192 bind 8192)
[    2.501136] UDP hash table entries: 512 (order: 2, 16384 bytes)
[    2.526056] UDP-Lite hash table entries: 512 (order: 2, 16384 bytes)
[    2.551120] NET: Registered protocol family 1
[    2.572062] pci 0000:00:00.0: Limiting direct PCI/PCI transfers
[    2.596890] pci 0000:00:01.0: Activating ISA DMA hang workarounds
[    2.623175] pci 0000:00:02.0: Video device with shadowed ROM at [mem 0x000c0000-0x000dffff]
[    2.660397] Unpacking initramfs...
[    2.884454] Freeing initrd memory: 19532K
[    4.464821] clocksource: tsc: mask: 0xffffffffffffffff max_cycles: 0x1128b1be6ad, max_idle_ns: 440795207191 ns
[    4.498996] platform rtc_cmos: registered platform RTC device (no PNP device found)
[    4.530146] Scanning for low memory corruption every 60 seconds
[    4.560181] Initialise system trusted keyrings
[    4.579856] Key type blacklist registered
[    4.602279] workingset: timestamp_bits=36 max_order=18 bucket_order=0
[    4.634390] zbud: loaded
[    4.659342] squashfs: version 4.0 (2009/01/31) Phillip Lougher
[    4.689805] fuse init (API version 7.26)
[    4.803116] Key type asymmetric registered
[    4.822176] Asymmetric key parser 'x509' registered
[    4.844069] Block layer SCSI generic (bsg) driver version 0.4 loaded (major 246)
[    4.876035] io scheduler noop registered
[    4.893017] io scheduler deadline registered
[    4.911332] io scheduler cfq registered (default)
[    4.934626] ACPI: AC Adapter [AC] (on-line)
[    4.953192] input: Power Button as /devices/LNXSYSTM:00/LNXPWRBN:00/input/input0
[    5.003453] ACPI: Power Button [PWRF]
[    5.027613] input: Sleep Button as /devices/LNXSYSTM:00/LNXSLPBN:00/input/input1
[    5.058437] ACPI: Sleep Button [SLPF]
[    5.077261] Serial: 8250/16550 driver, 32 ports, IRQ sharing enabled
[    5.083911] ACPI: Battery Slot [BAT0] (battery present)
[    5.181578] 00:02: ttyS0 at I/O 0x3f8 (irq = 4, base_baud = 115200) is a 16550A
[    5.209364] Linux agpgart interface v0.103
[    5.248957] loop: module loaded
[    5.272663] scsi host0: ata_piix
[    5.290133] scsi host1: ata_piix
[    5.303907] ata1: PATA max UDMA/33 cmd 0x1f0 ctl 0x3f6 bmdma 0xd000 irq 14
[    5.330175] ata2: PATA max UDMA/33 cmd 0x170 ctl 0x376 bmdma 0xd008 irq 15
[    5.357259] tun: Universal TUN/TAP device driver, 1.6
[    5.377185] PPP generic driver version 2.4.2
[    5.396958] ehci_hcd: USB 2.0 'Enhanced' Host Controller (EHCI) Driver
[    5.421289] ehci-pci: EHCI PCI platform driver
[    5.440610] ehci-platform: EHCI generic platform driver
[    5.462453] ohci_hcd: USB 1.1 'Open' Host Controller (OHCI) Driver
[    5.486780] ohci-pci: OHCI PCI platform driver
[    5.507957] ohci-platform: OHCI generic platform driver
[    5.533654] uhci_hcd: USB Universal Host Controller Interface driver
[    5.560606] i8042: PNP: PS/2 Controller [PNP0303:PS2K,PNP0f03:PS2M] at 0x60,0x64 irq 1,12
[    5.613600] serio: i8042 KBD port at 0x60,0x64 irq 1
[    5.631789] serio: i8042 AUX port at 0x60,0x64 irq 12
[    5.701615] mousedev: PS/2 mouse device common for all mice
[    5.740002] rtc_cmos rtc_cmos: rtc core: registered rtc_cmos as rtc0
[    5.770306] rtc_cmos rtc_cmos: alarms up to one day, 114 bytes nvram
[    5.794967] input: AT Translated Set 2 keyboard as /devices/platform/i8042/serio0/input/input2
[    5.829973] i2c /dev entries driver
[    5.845411] device-mapper: uevent: version 1.0.3
[    5.867562] device-mapper: ioctl: 4.37.0-ioctl (2017-09-20) initialised: dm-devel@redhat.com
[    5.903246] ledtrig-cpu: registered to indicate activity on CPUs
[    5.939252] NET: Registered protocol family 10
[    6.002285] Segment Routing with IPv6
[    6.017110] NET: Registered protocol family 17
[    6.034979] Key type dns_resolver registered
[    6.053670] mce: Using 0 MCE banks
[    6.066400] RAS: Correctable Errors collector initialized.
[    6.085781] sched_clock: Marking stable (6085591519, 0)->(9200755799, -3115164280)
[    6.119208] registered taskstats version 1
[    6.132003] Loading compiled-in X.509 certificates
[    6.169312] Loaded X.509 cert 'Build time autogenerated kernel key: 29e5beaa583364da097e68c9386761f80dbce7ef'
[    6.201825] Loaded X.509 cert 'Canonical Ltd. Live Patch Signing: 14df34d1a87cf37625abec039ef2bf521249b969'
[    6.230641] Loaded X.509 cert 'Canonical Ltd. Kernel Module Signing: 88f752e560a1e0737e31163a466ad7b70a850c19'
[    6.261648] blacklist: Loading compiled-in revocation X.509 certificates
[    6.284904] Loaded X.509 cert 'Canonical Ltd. Secure Boot Signing: 61482aa2830d0ab2ad5af10b7250da9033ddcef0'
[    6.314919] zswap: loaded using pool lzo/zbud
[    6.371530] Key type big_key registered
[    6.386489] Key type trusted registered
[    6.415744] Key type encrypted registered
[    6.429788] AppArmor: AppArmor sha1 policy hashing enabled
[    6.448323] ima: No TPM chip found, activating TPM-bypass! (rc=-19)
[    6.469769] ima: Allocated hash algorithm: sha1
[    6.485780] evm: HMAC attrs: 0x1
[    6.500796]   Magic number: 7:572:732
[    6.518982] rtc_cmos rtc_cmos: setting system clock to 2023-05-23 11:43:49 UTC (1684842229)
[    6.552849] BIOS EDD facility v0.16 2004-Jun-25, 0 devices found
[    6.576620] EDD information not available.
[    6.610666] Freeing unused kernel image memory: 2472K
[    6.651822] Write protecting the kernel read-only data: 20480k
[    6.676359] Freeing unused kernel image memory: 2008K
[    6.697465] Freeing unused kernel image memory: 1824K
[    6.745300] x86/mm: Checked W+X mappings: passed, no W+X pages found.
Loading, please wait...
starting version 237
[    7.099280] e1000: Intel(R) PRO/1000 Network Driver - version 7.3.21-k8-NAPI
[    7.121712] e1000: Copyright (c) 1999-2006 Intel Corporation.
[    7.169279] Fusion MPT base driver 3.04.20
[    7.185763] Copyright (c) 1999-2008 LSI Corporation
[    7.396847] Fusion MPT SPI Host driver 3.04.20
[    7.651598] input: ImExPS/2 Generic Explorer Mouse as /devices/platform/i8042/serio1/input/input4
[    9.299607] e1000 0000:00:03.0 eth0: (PCI:33MHz:32-bit) 02:40:49:ac:f0:20
[    9.325662] e1000 0000:00:03.0 eth0: Intel(R) PRO/1000 Network Connection
[    9.358820] mptbase: ioc0: Initiating bringup
[    9.904954] ioc0: LSI53C1030 A0: Capabilities={Initiator}
[   11.328837] scsi host2: ioc0: LSI53C1030 A0, FwRev=00000000h, Ports=1, MaxQ=256, IRQ=20
[   11.572233] scsi 2:0:0:0: Direct-Access     VBOX     HARDDISK         1.0  PQ: 0 ANSI: 5
[   11.632700] scsi target2:0:0: Beginning Domain Validation
[   11.682551] scsi target2:0:0: Domain Validation skipping write tests
[   11.705628] scsi target2:0:0: Ending Domain Validation
[   11.726184] scsi target2:0:0: asynchronous
[   11.751462] scsi 2:0:1:0: Direct-Access     VBOX     HARDDISK         1.0  PQ: 0 ANSI: 5
[   12.056645] scsi target2:0:1: Beginning Domain Validation
[   12.108526] scsi target2:0:1: Domain Validation skipping write tests
[   12.133159] scsi target2:0:1: Ending Domain Validation
[   12.155491] scsi target2:0:1: asynchronous
[   12.229349] sd 2:0:0:0: [sda] 83886080 512-byte logical blocks: (42.9 GB/40.0 GiB)
[   12.261415] sd 2:0:0:0: [sda] Write Protect is off
[   12.281976] sd 2:0:0:0: Attached scsi generic sg0 type 0
[   12.306591] sd 2:0:0:0: [sda] Incomplete mode parameter data
[   12.329111] sd 2:0:0:0: [sda] Assuming drive cache: write through
[   12.360740] sd 2:0:1:0: Attached scsi generic sg1 type 0
[   12.384096] sd 2:0:1:0: [sdb] 20480 512-byte logical blocks: (10.5 MB/10.0 MiB)
[   12.413811] sd 2:0:1:0: [sdb] Write Protect is off
[   12.439154] sd 2:0:1:0: [sdb] Incomplete mode parameter data
[   12.462457] sd 2:0:1:0: [sdb] Assuming drive cache: write through
[   12.493328]  sda: sda1
[   12.529939] sd 2:0:1:0: [sdb] Attached SCSI disk
[   12.551569] sd 2:0:0:0: [sda] Attached SCSI disk
[   13.541254] e1000 0000:00:08.0 eth1: (PCI:33MHz:32-bit) 08:00:27:6e:02:6c
[   13.570340] e1000 0000:00:08.0 eth1: Intel(R) PRO/1000 Network Connection
[   13.606046] e1000 0000:00:03.0 enp0s3: renamed from eth0
[   13.655541] e1000 0000:00:08.0 enp0s8: renamed from eth1
Begin: Loading essential drivers ... [   65.067118] raid6: sse2x1   gen()  2422 MB/s
[   65.438233] raid6: sse2x1   xor() 13891 MB/s
[   65.509617] raid6: sse2x2   gen()  4799 MB/s
[   65.578707] raid6: sse2x2   xor()  2143 MB/s
[   65.658967] raid6: sse2x4   gen()  4105 MB/s
[   65.722226] raid6: sse2x4   xor()  1510 MB/s
[   65.743651] raid6: using algorithm sse2x2 gen() 4799 MB/s
[   65.777833] raid6: .... xor() 2143 MB/s, rmw enabled
[   65.809900] raid6: using ssse3x2 recovery algorithm
[   65.858768] xor: measuring software checksum speed
[   65.925531]    prefetch64-sse:  4797.000 MB/sec
[   65.984701]    generic_sse:  6705.000 MB/sec
[   66.001814] xor: using function: generic_sse (6705.000 MB/sec)
[   66.042187] async_tx: api initialized (async)
done.
Begin: Running /scripts/init-premount ... done.
Begin: Mounting root file system ... Begin: Running /scripts/local-top ... done.
Begin: Running /scripts/local-premount ... [   66.325349] Btrfs loaded, crc32c=crc32c-intel
Scanning for Btrfs filesystems
done.
Warning: fsck not present, so skipping root file system
[   66.561931] EXT4-fs (sda1): mounted filesystem with ordered data mode. Opts: (null)
done.
Begin: Running /scripts/local-bottom ... done.
Begin: Running /scripts/init-bottom ... done.
[   67.354622] ip_tables: (C) 2000-2006 Netfilter Core Team
[   67.422965] systemd[1]: systemd 237 running in system mode. (+PAM +AUDIT +SELINUX +IMA +APPARMOR +SMACK +SYSVINIT +UTMP +LIBCRYPTSETUP +GCRYPT +GNUTLS +ACL +XZ +LZ4 +SECCOMP +BLKID +ELFUTILS +KMOD -IDN2 +IDN -PCRE2 default-hierarchy=hybrid)
[   67.494408] systemd[1]: Detected virtualization oracle.
[   67.518423] systemd[1]: Detected architecture x86-64.

Welcome to [1mUbuntu 18.04.6 LTS[0m!

[   67.665421] systemd[1]: Set hostname to <ubuntu>.
[   67.730341] random: systemd: uninitialized urandom read (16 bytes read)
[   67.757578] systemd[1]: Initializing machine ID from random generator.
[   67.791034] systemd[1]: Installed transient /etc/machine-id file.
[   69.015359] random: systemd: uninitialized urandom read (16 bytes read)
[   69.093395] systemd[1]: Created slice User and Session Slice.
[[0;32m  OK  [0m] Created slice User and Session Slice.
[   69.129720] random: systemd: uninitialized urandom read (16 bytes read)
[   69.152654] systemd[1]: Reached target Swap.
[[0;32m  OK  [0m] Reached target Swap.
[   69.180869] random: systemd: uninitialized urandom read (16 bytes read)
[   69.202389] systemd[1]: Created slice System Slice.
[[0;32m  OK  [0m] Created slice System Slice.
[   69.228707] systemd[1]: Listening on Journal Audit Socket.
[[0;32m  OK  [0m] Listening on Journal Audit Socket.
[[0;32m  OK  [0m] Listening on Device-mapper event daemon FIFOs.
[[0;32m  OK  [0m] Listening on udev Kernel Socket.
[[0;32m  OK  [0m] Listening on LVM2 poll daemon socket.
[[0;32m  OK  [0m] Listening on fsck to fsckd communication Socket.
[[0;32m  OK  [0m] Listening on Journal Socket (/dev/log).
[[0;32m  OK  [0m] Listening on LVM2 metadata daemon socket.
[[0;32m  OK  [0m] Listening on Network Service Netlink Socket.
[[0;32m  OK  [0m] Listening on Syslog Socket.
[[0;32m  OK  [0m] Listening on /dev/initctl Compatibility Named Pipe.
[[0;32m  OK  [0m] Listening on Journal Socket.
         Mounting Kernel Debug File System...
         Starting Monitoring of LVM2 mirrors…ng dmeventd or progress polling...
         Starting Set the console keyboard layout...
         Starting File System Check on Root Device...
         Starting Create list of required st…ce nodes for the current kernel...
         Mounting Huge Pages File System...
         Starting Uncomplicated firewall...
         Starting Journal Service...
[[0;32m  OK  [0m] Created slice system-serial\x2dgetty.slice.
         Mounting POSIX Message Queue File System...
[[0;32m  OK  [0m] Reached target Slices.
[[0;32m  OK  [0m] Reached target User and Group Name Lookups.
         Starting Load Kernel Modules...
[[0;32m  OK  [0m] Reached target System Time Synchronized.
[[0;32m  OK  [0m] Set up automount Arbitrary Executab…rmats File System Automount Point.
[[0;32m  OK  [0m] Listening on udev Control Socket.
         Starting udev Coldplug all Devices...
[   69.798151] Loading iSCSI transport class v2.0-870.
[[0;32m  OK  [0m] Started Forward Password Requests to Wall Directory Watch.
[[0;32m  OK  [0m] Mounted Kernel Debug File System.
[[0;32m  OK  [0m] Started File System Check on Root Device.
[[0;32m  OK  [0m] Started Create list of required sta…vice nodes for the current kernel.[   70.008011] iscsi: registered transport (tcp)

[[0;32m  OK  [0m] [   70.052618] random: systemd-journal: uninitialized urandom read (16 bytes read)
Mounted Huge Pages File System.
[   70.087472] random: systemd-journal: uninitialized urandom read (16 bytes read)
[   70.091486] random: systemd-journal: uninitialized urandom read (16 bytes read)
[[0;32m  OK  [0m] Started Journal Service.
[[0;32m  OK  [0m] Started Uncomplicated firewall.
[[0;32m  OK  [0m] Mounted POSIX Message Queue File System.
[[0;32m  OK  [0m] Started LVM2 metadata daemon.
[[0;32m  OK  [0m] Started File System Check Daemon to report status.
         Starting Create Static Device Nodes in /dev...
         Starting Remount Root and Kernel File Systems...
[[   70.485108] random: crng init done
[   70.500616] random: 47 urandom warning(s) missed due to ratelimiting
[   70.536018] EXT4-fs (sda1): re-mounted. Opts: (null)
[0;32m  OK  [0m] Started Monitoring of LVM2 mirrors,…sing dmeventd or progress polling.
[[0;32m  OK  [0m] Started Remount Root and Kernel File Systems.
         Starting Load/Save Random Seed...
         Starting Flush Journal to Persistent Storage...
[[   70.703698] iscsi: registered transport (iser)
[0;32m  OK  [0m] Started udev Coldplug all Devices.
[[0;32m  OK  [0m] Started Create Static Device Nodes in /dev.
[[0;32m  OK  [0m] Started Load Kernel Modules.
[[0;32m  OK  [0m] Started Load/Save Random Seed.
         Starting Apply Kernel Variables...
         Mounting Kernel Configuration File System...
         Mounting FUSE Control File System...
         Starting udev Kernel Device Manager...
[[0;32m  OK  [0m] Mounted Kernel Configuration File System.
[[0;32m  OK  [0m] Mounted FUSE Control File System.
[[0;32m  OK  [0m] Started Apply Kernel Variables.
[[0;32m  OK  [0m] Started Flush Journal to Persistent Storage.
[[0;32m  OK  [0m] Started udev Kernel Device Manager.
[[0;32m  OK  [0m] Started Set the console keyboard layout.
[[0;32m  OK  [0m] Started Dispatch Password Requests to Console Directory Watch.
[[0;32m  OK  [0m] Reached target Local Encrypted Volumes.
[[0;32m  OK  [0m] Reached target Local File Systems (Pre).
[[0;32m  OK  [0m] Reached target Local File Systems.
         Starting ebtables ruleset management...
         Starting Tell Plymouth To Write Out Runtime Data...
         Starting Set console font and keymap...
         Starting AppArmor initialization...
         Starting Commit a transient machine-id on disk...
         Starting Create Volatile Files and Directories...
[[0;32m  OK  [0m] Started Tell Plymouth To Write Out Runtime Data.
[[0;32m  OK  [0m] Started Create Volatile Files and Directories.
         Starting Update UTMP about System Boot/Shutdown...
[[0;32m  OK  [0m] Started Commit a transient machine-id on disk.
[[0;32m  OK  [0m] Started Update UTMP about System Boot/Shutdown.
[[0;32m  OK  [0m] Started ebtables ruleset management.
[[0;32m  OK  [0m] Found device /dev/ttyS0.
[[0;32m  OK  [0m] Listening on Load/Save RF Kill Switch Status /dev/rfkill Watch.
         Mounting Arbitrary Executable File Formats File System...
[[0;32m  OK  [0m] Mounted Arbitrary Executable File Formats File System.
[[0;32m  OK  [0m] Started AppArmor initialization.
         Starting Load AppArmor profiles managed internally by snapd...
         Starting Initial cloud-init job (pre-networking)...
[[0;32m  OK  [0m] Started Load AppArmor profiles managed internally by snapd.
[[0;32m  OK  [0m] Started Set console font and keymap.
[   85.291105] cloud-init[752]: Cloud-init v. 22.4.2-0ubuntu0~18.04.1 running 'init-local' at Tue, 23 May 2023 11:45:06 +0000. Up 83.60 seconds.
[[0;32m  OK  [0m] Started Initial cloud-init job (pre-networking).
[[0;32m  OK  [0m] Reached target Network (Pre).
         Starting Network Service...
[[0;32m  OK  [0m] Started Network Service.
         Starting Wait for Network to be Configured...
         Starting Network Name Resolution...
[[0;32m  OK  [0m] Started Network Name Resolution.
[[0;32m  OK  [0m] Reached target Host and Network Name Lookups.
[[0;32m  OK  [0m] Reached target Network.
[[0;32m  OK  [0m] Started Wait for Network to be Configured.
         Starting Initial cloud-init job (metadata service crawler)...
[   89.097024] cloud-init[887]: Cloud-init v. 22.4.2-0ubuntu0~18.04.1 running 'init' at Tue, 23 May 2023 11:45:11 +0000. Up 88.49 seconds.
[   89.116660] cloud-init[887]: ci-info: ++++++++++++++++++++++++++++++++++++++Net device info+++++++++++++++++++++++++++++++++++++++
[   89.133647] cloud-init[887]: ci-info: +--------+-------+----------------------------+---------------+--------+-------------------+
[   89.151076] cloud-init[887]: ci-info: | Device |   Up  |          Address           |      Mask     | Scope  |     Hw-Address    |
[   89.170400] cloud-init[887]: ci-info: +--------+-------+----------------------------+---------------+--------+-------------------+
[   89.187874] cloud-init[887]: ci-info: | enp0s3 |  True |         10.0.2.15          | 255.255.255.0 | global | 02:40:49:ac:f0:20 |
[   89.205532] cloud-init[887]: ci-info: | enp0s3 |  True | fe80::40:49ff:feac:f020/64 |       .       |  link  | 02:40:49:ac:f0:20 |
[   89.221363] cloud-init[887]: ci-info: | enp0s8 | False |             .              |       .       |   .    | 08:00:27:6e:02:6c |
[   89.236914] cloud-init[887]: ci-info: |   lo   |  True |         127.0.0.1          |   255.0.0.0   |  host  |         .         |
[   89.250032] cloud-init[887]: ci-info: |   lo   |  True |          ::1/128           |       .       |  host  |         .         |
[   89.263502] cloud-init[887]: ci-info: +--------+-------+----------------------------+---------------+--------+-------------------+
[   89.276856] cloud-init[887]: ci-info: ++++++++++++++++++++++++++++Route IPv4 info+++++++++++++++++++++++++++++
[   89.289147] cloud-init[887]: ci-info: +-------+-------------+----------+-----------------+-----------+-------+
[   89.305006] cloud-init[887]: ci-info: | Route | Destination | Gateway  |     Genmask     | Interface | Flags |
[   89.321225] cloud-init[887]: ci-info: +-------+-------------+----------+-----------------+-----------+-------+
[   89.350997] cloud-init[887]: ci-info: |   0   |   0.0.0.0   | 10.0.2.2 |     0.0.0.0     |   enp0s3  |   UG  |
[   89.382542] cloud-init[887]: ci-info: |   1   |   10.0.2.0  | 0.0.0.0  |  255.255.255.0  |   enp0s3  |   U   |
[   89.398373] cloud-init[887]: ci-info: |   2   |   10.0.2.2  | 0.0.0.0  | 255.255.255.255 |   enp0s3  |   UH  |
[   89.414000] cloud-init[887]: ci-info: +-------+-------------+----------+-----------------+-----------+-------+
[   89.429460] cloud-init[887]: ci-info: +++++++++++++++++++Route IPv6 info+++++++++++++++++++
[   89.441539] cloud-init[887]: ci-info: +-------+-------------+---------+-----------+-------+
[   89.454781] cloud-init[887]: ci-info: | Route | Destination | Gateway | Interface | Flags |
[   89.466158] cloud-init[887]: ci-info: +-------+-------------+---------+-----------+-------+
[   89.478944] cloud-init[887]: ci-info: |   1   |  fe80::/64  |    ::   |   enp0s3  |   U   |
[   89.492061] cloud-init[887]: ci-info: |   3   |    local    |    ::   |   enp0s3  |   U   |
[   89.505250] cloud-init[887]: ci-info: |   4   |   ff00::/8  |    ::   |   enp0s3  |   U   |
[   89.517455] cloud-init[887]: ci-info: +-------+-------------+---------+-----------+-------+
[   92.472085] cloud-init[887]: Generating public/private rsa key pair.
[   92.481466] cloud-init[887]: Your identification has been saved in /etc/ssh/ssh_host_rsa_key.
[   92.494875] cloud-init[887]: Your public key has been saved in /etc/ssh/ssh_host_rsa_key.pub.
[   92.505515] cloud-init[887]: The key fingerprint is:
[   92.512808] cloud-init[887]: SHA256:nLl3LjZwSSOPIiXE9RnkHGW7ywRC/7gF2xvM3dL9RC8 root@ubuntu-bionic
[   92.524206] cloud-init[887]: The key's randomart image is:
[   92.532047] cloud-init[887]: +---[RSA 2048]----+
[   92.539621] cloud-init[887]: |   . .o.+.o      |
[   92.545656] cloud-init[887]: |    o. = = .     |
[   92.554325] cloud-init[887]: |   .  . O .     .|
[   92.561504] cloud-init[887]: |    . .o.%oo o o.|
[   92.567908] cloud-init[887]: |     o  S=Xoo E +|
[   92.575360] cloud-init[887]: |    . . o*++ . o.|
[   92.582191] cloud-init[887]: |     . .oo= .   .|
[   92.589022] cloud-init[887]: |         .+o     |
[   92.597402] cloud-init[887]: |         . o.    |
[   92.605277] cloud-init[887]: +----[SHA256]-----+
[   92.612159] cloud-init[887]: Generating public/private dsa key pair.
[   92.622105] cloud-init[887]: Your identification has been saved in /etc/ssh/ssh_host_dsa_key.
[   92.633483] cloud-init[887]: Your public key has been saved in /etc/ssh/ssh_host_dsa_key.pub.
[   92.646131] cloud-init[887]: The key fingerprint is:
[   92.653487] cloud-init[887]: SHA256:ikH3ZAtF4A4AZ8dfCPdlZ2+RUfWfHUWIkD9mKQtkcf4 root@ubuntu-bionic
[   92.666644] cloud-init[887]: The key's randomart image is:
[   92.674597] cloud-init[887]: +---[DSA 1024]----+
[   92.682521] cloud-init[887]: |..+.o.o++.=oo.o**|
[   92.689649] cloud-init[887]: | o o.o.o+=.o..o.o|
[   92.696715] cloud-init[887]: |    o.+++ .. .o..|
[   92.705328] cloud-init[887]: |   . +.=....*.  =|
[   92.713105] cloud-init[887]: |    . . S. =E. .o|
[   92.722392] cloud-init[887]: |     o .  .      |
[   92.729958] cloud-init[887]: |    . .          |
[   92.737220] cloud-init[887]: |                 |
[   92.745384] cloud-init[887]: |                 |
[   92.753290] cloud-init[887]: +----[SHA256]-----+
[   92.761965] cloud-init[887]: Generating public/private ecdsa key pair.
[   92.785914] cloud-init[887]: Your identification has been saved in /etc/ssh/ssh_host_ecdsa_key.
[   92.812088] cloud-init[887]: Your public key has been saved in /etc/ssh/ssh_host_ecdsa_key.pub.
[   92.840342] cloud-init[887]: The key fingerprint is:
[   92.859489] cloud-init[887]: SHA256:lfW1u4G7JyMTv3s7IsLPYAckkrgOy6K4IWxRk6zlkX4 root@ubuntu-bionic
[   92.890732] cloud-init[887]: The key's randomart image is:
[[0;32m  OK  [0m] Started Initial cloud-init job (metadata service crawler).
[   92.923880] [[0;32m  OK  [0m] Reached target System Initialization.
[[0;32m  OK  [0m] Listening on UUID daemon activation socket.
         Starting Socket activation for snappy daemon.
         Starting LXD - unix socket.
cloud-init[887]: +---[ECDSA 256]---+[[0;32m  OK  [0m] Started Discard unused blocks once a week.
[[0;32m  OK  [0m] Listening on D-Bus System Message Bus Socket.
[[0;32m  OK  [0m] Started Daily Cleanup of Temporary Directories.
[[0;32m  OK  [0m] Listening on Open-iSCSI iscsid Socket.
[[0;32m  OK  [0m] Listening on cloud-init hotplug hook socket.
[[0;32m  OK  [0m] Started Ubuntu Advantage Timer for running repeated jobs.
[[0;32m  OK  [0m] Listening on ACPID Listen Socket.
[[0;32m  OK  [0m] Started Message of the Day.

[   93.038535] cloud-init[887]: |            .   .|
[   93.046445] cloud-init[887]: |  . + .    o . ..|
[[0;32m  OK  [0m] Started ACPI Events Check.
[[0;32m  OK  [0m] Reached target Paths.
[   93.054139] cloud-init[887]: |   X o . .o   .. |
[   93.062651] cloud-init[887]: |  * + . o.    . .|
[   93.063913] cloud-init[887]: | + + E  S.   . o |
[[0;32m  OK  [0m] Started Daily apt download activities.
[[0;32m  OK  [0m] Started Daily apt upgrade and clean activities.
[[0;32m  OK  [0m] Reached target Timers.
[   93.068047] cloud-init[887]: |o = .     ..  . o|
[   93.079343] cloud-init[887]: |+= .    .o .o. . |
[   93.082278] cloud-init[887]: |*.      .o++ =.+ |
[[0;32m  OK  [0m] Reached target Cloud-config availability.
[[0;32m  OK  [0m] Reached target Network is Online.
[   93.083470] cloud-init[887]: |+.        oo++O.o|
         [   93.143665] cloud-init[887]: +----[SHA256]-----+
[   93.144002] cloud-init[887]: Generating public/private ed25519 key pair.
Starting Availability of block devices...
[[0;32m  OK  [0m] Reached target Remote File Systems (Pre).
[[0;32m  OK  [0m] Reached target Remote File Systems.
[[0;32m  OK  [0m] Listening on Socket activation for snappy daemon.
[[0;32m  OK  [0m] Listening on LXD - unix socket.
[[0;32m  OK  [0m] Started Availability of block devices.
[[0;32m  OK  [0m] Reached target Sockets.
[[0;32m  OK  [0m] Reached target Basic System.
         Starting Virtualbox guest utils...
         Starting LSB: Record successful boot for GRUB...
[[0;32m  OK  [0m] Started irqbalance daemon.
[   93.149303]          Starting LSB: automatic crash report generation...
[[0;32m  OK  [0m] Started FUSE filesystem for LXC.
[[0;32m  OK  [0m] Reached target Login Prompts (Pre).
[[0;32m  OK  [0m] Started Regular background program processing daemon.
cloud-init[887]: Your identification has been saved in /etc/ssh/ssh_host_ed25519_key.         Starting Accounts Service...
         Starting LXD - container startup/shutdown...

[   93.326590] cloud-init[887]: Your public key has been saved in /etc/ssh/ssh_host_ed25519_key.pub.
[   93.375396] cloud-init[887]: The key fingerprint is:
[   93.382931] cloud-init[887]: SHA256:+Hx+mDGwVEAb1VAubQk14IXSxZdq9sNXJ9CeGyhYEfs root@ubuntu-bionic
[   93.398086] cloud-init[887]: The key's randomart image is:
[   93.406200] cloud-init[887]: +--[ED25519 256]--+
[   93.413444] cloud-init[887]: |       .++B%*. . |
[   93.421891] cloud-init[887]: |        .+=*+o+  |
[   93.429303] cloud-init[887]: |        .=+ =* . |
         Starting Dispatcher daemon for systemd-networkd...
[   93.445319] cloud-init[887]: |       .+ .+= = o|
         Starting System Logging Service...
         Starting Login Service...
[[0;32m  OK  [0m] Started D-Bus System Message Bus.
[   93.470937] cloud-init[887]: |      ..So +Eo +o|
[   93.537895] cloud-init[887]: |       o. o   = .|
[   93.548092] cloud-init[887]: |        o .=   o |
[   93.559081] cloud-init[887]: |         oo .    |
[   93.575169] cloud-init[887]: |          ..     |
[   93.585257] cloud-init[887]: +----[SHA256]-----+
         Starting Pollinate to seed the pseudo random number generator...
         Starting Permit User Sessions...
[[0;32m  OK  [0m] Started Deferred execution scheduler.
         Starting Snap Daemon...
[[0;32m  OK  [0m] Started System Logging Service.
[[0;32m  OK  [0m] Started Login Service.
[[0;32m  OK  [0m] Started Permit User Sessions.
         Starting Hold until boot process finishes up...
         Starting Terminate Plymouth Boot Screen...
         Starting Authorization Manager...
[[0;32m  OK  [0m] Started Unattended Upgrades Shutdown.
[[0;32m  OK  [0m] Started Hold until boot process finishes up.
[[0;32m  OK  [0m] Started LSB: automatic crash report generation.
[[0;32m  OK  [0m] Started Serial Getty on ttyS0.
         Starting Set console scheme...
[[0;32m  OK  [0m] Started Terminate Plymouth Boot Screen.
[[0;32m  OK  [0m] Started Authorization Manager.
[[0;32m  OK  [0m] Started LSB: Record successful boot for GRUB.
[[0;32m  OK  [0m] Started Accounts Service.
[[0;32m  OK  [0m] Started Set console scheme.
[[0;32m  OK  [0m] Created slice system-getty.slice.
[[0;32m  OK  [0m] Started Getty on tty1.
[[0;32m  OK  [0m] Reached target Login Prompts.
[[0;32m  OK  [0m] Started LXD - container startup/shutdown.
[[0;32m  OK  [0m] Started Virtualbox guest utils.
[[0;32m  OK  [0m] Started Dispatcher daemon for systemd-networkd.
[[0;32m  OK  [0m] Started Pollinate to seed the pseudo random number generator.
         Starting OpenBSD Secure Shell server...
[[0;32m  OK  [0m] Started OpenBSD Secure Shell server.
[[0;32m  OK  [0m] Created slice User Slice of vagrant.
         Starting User Manager for UID 1000...
[[0;32m  OK  [0m] Started Session 1 of user vagrant.
[[0;32m  OK  [0m] Started User Manager for UID 1000.
[[0;32m  OK  [0m] Started Snap Daemon.
         Starting Wait until snapd is fully seeded...
         Starting Time & Date Service...
[[0;32m  OK  [0m] Started Time & Date Service.

Ubuntu 18.04.6 LTS ubuntu-bionic ttyS0

ubuntu-bionic login: [  108.654393] cloud-init[1385]: Cloud-init v. 22.4.2-0ubuntu0~18.04.1 running 'modules:config' at Tue, 23 May 2023 11:45:28 +0000. Up 105.37 seconds.
ci-info: no authorized SSH keys fingerprints found for user ubuntu.
<14>May 23 11:45:34 cloud-init: #############################################################
<14>May 23 11:45:34 cloud-init: -----BEGIN SSH HOST KEY FINGERPRINTS-----
<14>May 23 11:45:34 cloud-init: 1024 SHA256:ikH3ZAtF4A4AZ8dfCPdlZ2+RUfWfHUWIkD9mKQtkcf4 root@ubuntu-bionic (DSA)
<14>May 23 11:45:34 cloud-init: 256 SHA256:lfW1u4G7JyMTv3s7IsLPYAckkrgOy6K4IWxRk6zlkX4 root@ubuntu-bionic (ECDSA)
<14>May 23 11:45:34 cloud-init: 256 SHA256:+Hx+mDGwVEAb1VAubQk14IXSxZdq9sNXJ9CeGyhYEfs root@ubuntu-bionic (ED25519)
<14>May 23 11:45:34 cloud-init: 2048 SHA256:nLl3LjZwSSOPIiXE9RnkHGW7ywRC/7gF2xvM3dL9RC8 root@ubuntu-bionic (RSA)
<14>May 23 11:45:34 cloud-init: -----END SSH HOST KEY FINGERPRINTS-----
<14>May 23 11:45:34 cloud-init: #############################################################
-----BEGIN SSH HOST KEY KEYS-----
ecdsa-sha2-nistp256 AAAAE2VjZHNhLXNoYTItbmlzdHAyNTYAAAAIbmlzdHAyNTYAAABBBMFtXkNB+srvjFBr13Rnnkg9hv8ZZ94fjTxg64bAF2OuY2TTrIePqUo/z9gWSoO6jSjEKPfv7GkOn5mVWZxbbeY= root@ubuntu-bionic
ssh-ed25519 AAAAC3NzaC1lZDI1NTE5AAAAII76qGrJmsKIX7eOoCufDvMGYfU5nc118tPphon+efL/ root@ubuntu-bionic
ssh-rsa AAAAB3NzaC1yc2EAAAADAQABAAABAQDhTtYteFDTdzGBwoEtzE99v1zrfJ+l8ot+Xet6xFBGiFV2Ty+3SaDQx0Rq/qy6WdGY/gYa7yJmA4eYnAuDpElExdQ5GpvBCrZ8F1Lep+BFLVquNPEOWbn6rcfcrIikeaE0zeDjuoItoC1V4PnMYbEfPIOsgjKSuflIfyyMgHrUKUp3U+Q0CYtMjREKNtM8V7FOMohF3u77eyXTgFNL8I5TpuQxi2NyR88EEvToq41N6TYatPyELoUK/Whou40IB1RGmlD3vyLIc7hOdTZ9vXJt61js1Y0lhKO6ltnRVOqrl+l0rLJl9dyyIeQX2K2imWApqtUmguNUcz5meqRTHywv root@ubuntu-bionic
-----END SSH HOST KEY KEYS-----
[  112.033287] cloud-init[1559]: Cloud-init v. 22.4.2-0ubuntu0~18.04.1 running 'modules:final' at Tue, 23 May 2023 11:45:34 +0000. Up 111.03 seconds.
[  112.034041] cloud-init[1559]: Cloud-init v. 22.4.2-0ubuntu0~18.04.1 finished at Tue, 23 May 2023 11:45:34 +0000. Datasource DataSourceNoCloud [seed=/dev/sdb][dsmode=net].  Up 112.00 seconds
[ 9795.355673] INFO: rcu_sched self-detected stall on CPU
[ 9795.356068] INFO: rcu_sched self-detected stall on CPU
[ 9795.370072] 	0-...!: (1 GPs behind) idle=b2e/2/0 softirq=168643/168644 fqs=0 
[ 9795.419606] 	 (t=36972 jiffies g=61576 c=61575 q=276)
[ 9795.419892] 	1-...!: (1 ticks this GP) idle=bca/140000000000001/0 softirq=136779/136779 fqs=0 
[ 9795.431296] rcu_sched kthread starved for 36972 jiffies! g61576 c61575 f0x0 RCU_GP_WAIT_FQS(3) ->state=0x402 ->cpu=1
[ 9795.459620] 	 (t=36972 jiffies g=61576 c=61575 q=276)
[ 9795.506415] rcu_sched kthread starved for 36972 jiffies! g61576 c61575 f0x0 RCU_GP_WAIT_FQS(3) ->state=0x402 ->cpu=1
[14359.249037] INFO: rcu_sched self-detected stall on CPU
[14359.249262] INFO: rcu_sched self-detected stall on CPU
[14359.261609] 	0-...!: (1 ticks this GP) idle=78a/140000000000001/0 softirq=207758/207758 fqs=0 
[14359.288532] 	1-...!: (1 GPs behind) idle=47e/140000000000001/0 softirq=167519/167520 fqs=0 
[14359.288620] 	 (t=243032 jiffies g=76321 c=76320 q=3)
[14359.304812] 	 (t=243032 jiffies g=76321 c=76320 q=3)
[14359.314365] rcu_sched kthread starved for 243032 jiffies! g76321 c76320 f0x0 RCU_GP_WAIT_FQS(3) ->state=0x402 ->cpu=0
[14359.324452] rcu_sched kthread starved for 243032 jiffies! g76321 c76320 f0x0 RCU_GP_WAIT_FQS(3) ->state=0x402 ->cpu=0
[14544.473645] watchdog: BUG: soft lockup - CPU#1 stuck for 128s! [containerd-shim:1090]
[14544.476485] INFO: rcu_sched self-detected stall on CPU
[14544.501054] 	0-...!: (1 ticks this GP) idle=cfe/140000000000001/0 softirq=211483/211483 fqs=0 
[14544.501056] 	 (t=34376 jiffies g=77241 c=77240 q=1)
[14544.501072] rcu_sched kthread starved for 34376 jiffies! g77241 c77240 f0x0 RCU_GP_WAIT_FQS(3) ->state=0x402 ->cpu=0
[14544.546092] INFO: rcu_sched self-detected stall on CPU
[14544.560565] 	1-...0: (1 GPs behind) idle=5b6/140000000000001/0 softirq=170397/170398 fqs=2 
[14544.577066] 	 (t=34398 jiffies g=77241 c=77240 q=13)
[15129.470934] INFO: rcu_sched self-detected stall on CPU
[15129.472291] INFO: rcu_sched self-detected stall on CPU
[15129.484565] 	1-...!: (1 ticks this GP) idle=cca/140000000000001/0 softirq=174281/174281 fqs=0 
[15129.514850] 	 (t=143167 jiffies g=78016 c=78015 q=12)
[15129.514917] 	0-...!: (1 ticks this GP) idle=3ee/140000000000001/0 softirq=214118/214118 fqs=0 
[15129.526818] rcu_sched kthread starved for 143167 jiffies! g78016 c78015 f0x0 RCU_GP_WAIT_FQS(3) ->state=0x402 ->cpu=1
[15129.603071] 	 (t=143167 jiffies g=78016 c=78015 q=12)
[15129.828266] rcu_sched kthread starved for 143167 jiffies! g78016 c78015 f0x0 RCU_GP_WAIT_FQS(3) ->state=0x402 ->cpu=1
[15575.036182] INFO: rcu_sched self-detected stall on CPU
[15575.036752] INFO: rcu_sched detected stalls on CPUs/tasks:
[15575.113799] 	1-...!: (2 ticks this GP) idle=5ee/140000000000002/0 softirq=190342/190342 fqs=2 
[15575.273083] 	 (t=46032 jiffies g=83733 c=83732 q=131)
[15575.273129] 	1-...!: (2 ticks this GP) idle=5ee/140000000000002/0 softirq=190342/190342 fqs=2 
[15575.348979] rcu_sched kthread starved for 46027 jiffies! g83733 c83732 f0x0 RCU_GP_WAIT_FQS(3) ->state=0x402 ->cpu=0
[15575.432436] 	(detected by 0, t=46032 jiffies, g=83733, c=83732, q=131)
[15575.662667] rcu_sched kthread starved for 46027 jiffies! g83733 c83732 f0x0 RCU_GP_WAIT_FQS(3) ->state=0x200 ->cpu=0
[16529.391725] INFO: rcu_sched self-detected stall on CPU
[16529.392740] INFO: rcu_sched self-detected stall on CPU
[16529.471081] 	0-...!: (1 GPs behind) idle=c42/140000000000002/0 softirq=255176/255177 fqs=0 
[16529.631740] 	1-...!: (1 ticks this GP) idle=656/140000000000001/0 softirq=205657/205657 fqs=0 
[16529.631821] 	 (t=133894 jiffies g=90503 c=90502 q=14)
[16529.722668] 	 (t=133894 jiffies g=90503 c=90502 q=14)
[16529.798695] rcu_sched kthread starved for 133894 jiffies! g90503 c90502 f0x0 RCU_GP_WAIT_FQS(3) ->state=0x402 ->cpu=1
[16529.876272] rcu_sched kthread starved for 133894 jiffies! g90503 c90502 f0x0 RCU_GP_WAIT_FQS(3) ->state=0x402 ->cpu=1
[25030.116925] watchdog: BUG: soft lockup - CPU#0 stuck for 26s! [containerd-shim:2586]
[25030.117393] watchdog: BUG: soft lockup - CPU#1 stuck for 26s! [containerd-shim:2532]
