[    0.000000] Initializing cgroup subsys cpuset
[    0.000000] Initializing cgroup subsys cpu
[    0.000000] Initializing cgroup subsys cpuacct
[    0.000000] Linux version 4.4.0-210-generic (buildd@lgw01-amd64-009) (gcc version 5.4.0 20160609 (Ubuntu 5.4.0-6ubuntu1~16.04.12) ) #242-Ubuntu SMP Fri Apr 16 09:57:56 UTC 2021 (Ubuntu 4.4.0-210.242-generic 4.4.262)
[    0.000000] Command line: BOOT_IMAGE=/boot/vmlinuz-4.4.0-210-generic root=LABEL=cloudimg-rootfs ro console=tty1 console=ttyS0
[    0.000000] KERNEL supported cpus:
[    0.000000]   Intel GenuineIntel
[    0.000000]   AMD AuthenticAMD
[    0.000000]   Centaur CentaurHauls
[    0.000000] x86/fpu: Legacy x87 FPU detected.
[    0.000000] e820: BIOS-provided physical RAM map:
[    0.000000] BIOS-e820: [mem 0x0000000000000000-0x000000000009fbff] usable
[    0.000000] BIOS-e820: [mem 0x000000000009fc00-0x000000000009ffff] reserved
[    0.000000] BIOS-e820: [mem 0x00000000000f0000-0x00000000000fffff] reserved
[    0.000000] BIOS-e820: [mem 0x0000000000100000-0x0000000070beffff] usable
[    0.000000] BIOS-e820: [mem 0x0000000070bf0000-0x0000000070bfffff] ACPI data
[    0.000000] BIOS-e820: [mem 0x00000000fec00000-0x00000000fec00fff] reserved
[    0.000000] BIOS-e820: [mem 0x00000000fee00000-0x00000000fee00fff] reserved
[    0.000000] BIOS-e820: [mem 0x00000000fffc0000-0x00000000ffffffff] reserved
[    0.000000] NX (Execute Disable) protection: active
[    0.000000] SMBIOS 2.5 present.
[    0.000000] Hypervisor detected: KVM
[    0.000000] Kernel/User page tables isolation: disabled
[    0.000000] e820: last_pfn = 0x70bf0 max_arch_pfn = 0x400000000
[    0.000000] MTRR: Disabled
[    0.000000] x86/PAT: MTRRs disabled, skipping PAT initialization too.
[    0.000000] CPU MTRRs all blank - virtualized system.
[    0.000000] x86/PAT: Configuration [0-7]: WB  WT  UC- UC  WB  WT  UC- UC  
[    0.000000] found SMP MP-table at [mem 0x0009fff0-0x0009ffff] mapped at [ffff88000009fff0]
[    0.000000] Scanning 1 areas for low memory corruption
[    0.000000] RAMDISK: [mem 0x3613c000-0x37095fff]
[    0.000000] ACPI: Early table checksum verification disabled
[    0.000000] ACPI: RSDP 0x00000000000E0000 000024 (v02 VBOX  )
[    0.000000] ACPI: XSDT 0x0000000070BF0030 00003C (v01 VBOX   VBOXXSDT 00000001 ASL  00000061)
[    0.000000] ACPI: FACP 0x0000000070BF00F0 0000F4 (v04 VBOX   VBOXFACP 00000001 ASL  00000061)
[    0.000000] ACPI: DSDT 0x0000000070BF0480 002325 (v02 VBOX   VBOXBIOS 00000002 INTL 20100528)
[    0.000000] ACPI: FACS 0x0000000070BF0200 000040
[    0.000000] ACPI: FACS 0x0000000070BF0200 000040
[    0.000000] ACPI: APIC 0x0000000070BF0240 000064 (v02 VBOX   VBOXAPIC 00000001 ASL  00000061)
[    0.000000] ACPI: SSDT 0x0000000070BF02B0 0001CC (v01 VBOX   VBOXCPUT 00000002 INTL 20100528)
[    0.000000] No NUMA configuration found
[    0.000000] Faking a node at [mem 0x0000000000000000-0x0000000070beffff]
[    0.000000] NODE_DATA(0) allocated [mem 0x70beb000-0x70beffff]
[    0.000000] kvm-clock: Using msrs 4b564d01 and 4b564d00
[    0.000000] kvm-clock: cpu 0, msr 0:70be3001, primary cpu clock
[    0.000000] kvm-clock: using sched offset of 7570993165 cycles
[    0.000000] clocksource: kvm-clock: mask: 0xffffffffffffffff max_cycles: 0x1cd42e4dffb, max_idle_ns: 881590591483 ns
[    0.000000] Zone ranges:
[    0.000000]   DMA      [mem 0x0000000000001000-0x0000000000ffffff]
[    0.000000]   DMA32    [mem 0x0000000001000000-0x0000000070beffff]
[    0.000000]   Normal   empty
[    0.000000]   Device   empty
[    0.000000] Movable zone start for each node
[    0.000000] Early memory node ranges
[    0.000000]   node   0: [mem 0x0000000000001000-0x000000000009efff]
[    0.000000]   node   0: [mem 0x0000000000100000-0x0000000070beffff]
[    0.000000] Initmem setup node 0 [mem 0x0000000000001000-0x0000000070beffff]
[    0.000000] ACPI: PM-Timer IO Port: 0x4008
[    0.000000] IOAPIC[0]: apic_id 3, version 32, address 0xfec00000, GSI 0-23
[    0.000000] ACPI: INT_SRC_OVR (bus 0 bus_irq 0 global_irq 2 dfl dfl)
[    0.000000] ACPI: INT_SRC_OVR (bus 0 bus_irq 9 global_irq 9 low level)
[    0.000000] Using ACPI (MADT) for SMP configuration information
[    0.000000] smpboot: Allowing 3 CPUs, 0 hotplug CPUs
[    0.000000] PM: Registered nosave memory: [mem 0x00000000-0x00000fff]
[    0.000000] PM: Registered nosave memory: [mem 0x0009f000-0x0009ffff]
[    0.000000] PM: Registered nosave memory: [mem 0x000a0000-0x000effff]
[    0.000000] PM: Registered nosave memory: [mem 0x000f0000-0x000fffff]
[    0.000000] e820: [mem 0x70c00000-0xfebfffff] available for PCI devices
[    0.000000] Booting paravirtualized kernel on KVM
[    0.000000] clocksource: refined-jiffies: mask: 0xffffffff max_cycles: 0xffffffff, max_idle_ns: 7645519600211568 ns
[    0.000000] setup_percpu: NR_CPUS:512 nr_cpumask_bits:512 nr_cpu_ids:3 nr_node_ids:1
[    0.000000] PERCPU: Embedded 33 pages/cpu @ffff880070800000 s95192 r8192 d31784 u524288
[    0.000000] Built 1 zonelists in Node order, mobility grouping on.  Total pages: 454472
[    0.000000] Policy zone: DMA32
[    0.000000] Kernel command line: BOOT_IMAGE=/boot/vmlinuz-4.4.0-210-generic root=LABEL=cloudimg-rootfs ro console=tty1 console=ttyS0
[    0.000000] PID hash table entries: 4096 (order: 3, 32768 bytes)
[    0.000000] Memory: 1781212K/1846840K available (8644K kernel code, 1332K rwdata, 4044K rodata, 1492K init, 1164K bss, 65628K reserved, 0K cma-reserved)
[    0.000000] SLUB: HWalign=64, Order=0-3, MinObjects=0, CPUs=3, Nodes=1
[    0.000000] Hierarchical RCU implementation.
[    0.000000] 	Build-time adjustment of leaf fanout to 64.
[    0.000000] 	RCU restricting CPUs from NR_CPUS=512 to nr_cpu_ids=3.
[    0.000000] RCU: Adjusting geometry for rcu_fanout_leaf=64, nr_cpu_ids=3
[    0.000000] NR_IRQS:33024 nr_irqs:448 16
[    0.000000] Console: colour VGA+ 80x25
[    0.000000] console [tty1] enabled
[    0.000000] console [ttyS0] enabled
[    0.000000] tsc: Detected 1190.403 MHz processor
[    2.670019] Calibrating delay loop (skipped) preset value.. 2380.80 BogoMIPS (lpj=4761612)
[    2.730950] pid_max: default: 32768 minimum: 301
[    2.764439] ACPI: Core revision 20150930
[    2.796266] ACPI: 2 ACPI AML tables successfully acquired and loaded
[    2.839884] Security Framework initialized
[    2.867465] Yama: becoming mindful.
[    2.888694] AppArmor: AppArmor initialized
[    2.916022] Dentry cache hash table entries: 262144 (order: 9, 2097152 bytes)
[    2.992786] Inode-cache hash table entries: 131072 (order: 8, 1048576 bytes)
[    3.062624] Mount-cache hash table entries: 4096 (order: 3, 32768 bytes)
[    3.110015] Mountpoint-cache hash table entries: 4096 (order: 3, 32768 bytes)
[    3.166239] Initializing cgroup subsys io
[    3.192740] Initializing cgroup subsys memory
[    3.217516] Initializing cgroup subsys devices
[    3.245879] Initializing cgroup subsys freezer
[    3.272293] Initializing cgroup subsys net_cls
[    3.304341] Initializing cgroup subsys perf_event
[    3.334587] Initializing cgroup subsys net_prio
[    3.367424] Initializing cgroup subsys hugetlb
[    3.396577] Initializing cgroup subsys pids
[    3.429261] mce: CPU supports 0 MCE banks
[    3.457133] Last level iTLB entries: 4KB 0, 2MB 0, 4MB 0
[    3.493572] Last level dTLB entries: 4KB 0, 2MB 0, 4MB 0, 1GB 0
[    3.534046] Spectre V1 : Mitigation: usercopy/swapgs barriers and __user pointer sanitization
[    3.593123] Spectre V2 : Mitigation: Enhanced IBRS
[    3.625445] Spectre V2 : Spectre v2 / SpectreRSB mitigation: Filling RSB on context switch
[    3.685785] Speculative Store Bypass: Vulnerable
[    3.862544] Freeing SMP alternatives memory: 36K
[    4.266098] ftrace: allocating 32380 entries in 127 pages
[    6.569495] smpboot: APIC(0) Converting physical 0 to logical package 0
[    6.609243] smpboot: Max logical packages: 1
[    6.690359] ..TIMER: vector=0x30 apic1=0 pin1=2 apic2=-1 pin2=-1
[    6.823083] smpboot: CPU0: Intel(R) Core(TM) i5-1035G1 CPU @ 1.00GHz (family: 0x6, model: 0x7e, stepping: 0x5)
[    6.870454] Performance Events: unsupported p6 CPU model 126 no PMU driver, software events only.
[    7.296493] KVM setup paravirtual spinlock
[    7.323820] x86: Booting SMP configuration:
[    7.339932] .... node  #0, CPUs:      #1
[    7.364024] kvm-clock: cpu 1, msr 0:70be3041, secondary cpu clock
[    7.382845] mce: CPU supports 0 MCE banks
[    7.391648] TSC synchronization [CPU#0 -> CPU#1]:
[    7.409837] Measured 69656 cycles TSC warp between CPUs, turning off TSC clock.
[    7.435348] tsc: Marking TSC unstable due to check_tsc_sync_source failed
[    7.474334]  #2
[    7.486420] kvm-clock: cpu 2, msr 0:70be3081, secondary cpu clock
[    7.509684] mce: CPU supports 0 MCE banks
[    1.444124] x86: Booted up 1 node, 3 CPUs
[    1.448017] smpboot: Total of 3 processors activated (7142.41 BogoMIPS)
[    1.468046] devtmpfs: initialized
[    1.478199] evm: security.selinux
[    1.480013] evm: security.SMACK64
[    1.484015] evm: security.SMACK64EXEC
[    1.488017] evm: security.SMACK64TRANSMUTE
[    1.492012] evm: security.SMACK64MMAP
[    1.496013] evm: security.ima
[    1.500014] evm: security.capability
[    1.504847] clocksource: jiffies: mask: 0xffffffff max_cycles: 0xffffffff, max_idle_ns: 7645041785100000 ns
[    1.508053] futex hash table entries: 1024 (order: 4, 65536 bytes)
[    1.516652] pinctrl core: initialized pinctrl subsystem
[    1.521556] RTC time: 18:21:54, date: 05/18/23
[    1.529810] NET: Registered protocol family 16
[    1.548041] cpuidle: using governor ladder
[    1.564037] cpuidle: using governor menu
[    1.568028] PCCT header not found.
[    1.572251] ACPI: bus type PCI registered
[    1.576028] acpiphp: ACPI Hot Plug PCI Controller Driver version: 0.5
[    1.584239] PCI: Using configuration type 1 for base access
[    1.628733] ACPI: Added _OSI(Module Device)
[    1.632020] ACPI: Added _OSI(Processor Device)
[    1.636018] ACPI: Added _OSI(3.0 _SCP Extensions)
[    1.640022] ACPI: Added _OSI(Processor Aggregator Device)
[    1.649770] ACPI: Executed 1 blocks of module-level executable AML code
[    1.676403] ACPI: Interpreter enabled
[    1.680053] ACPI: (supports S0 S5)
[    1.684020] ACPI: Using IOAPIC for interrupt routing
[    1.692747] PCI: Using host bridge windows from ACPI; if necessary, use "pci=nocrs" and report a bug
[    1.731103] ACPI: PCI Root Bridge [PCI0] (domain 0000 [bus 00-ff])
[    1.732037] acpi PNP0A03:00: _OSC: OS supports [ASPM ClockPM Segments MSI]
[    1.740202] acpi PNP0A03:00: _OSC: not requesting OS control; OS requires [ExtendedConfig ASPM ClockPM MSI]
[    1.744044] acpi PNP0A03:00: fail to add MMCONFIG information, can't access extended PCI configuration space under this bridge.
[    1.750867] PCI host bridge to bus 0000:00
[    1.752028] pci_bus 0000:00: root bus resource [io  0x0000-0x0cf7 window]
[    1.756028] pci_bus 0000:00: root bus resource [io  0x0d00-0xffff window]
[    1.760029] pci_bus 0000:00: root bus resource [mem 0x000a0000-0x000bffff window]
[    1.768046] pci_bus 0000:00: root bus resource [mem 0x70c00000-0xfdffffff window]
[    1.772027] pci_bus 0000:00: root bus resource [bus 00-ff]
[    1.810282] pci 0000:00:01.1: legacy IDE quirk: reg 0x10: [io  0x01f0-0x01f7]
[    1.812061] pci 0000:00:01.1: legacy IDE quirk: reg 0x14: [io  0x03f6]
[    1.816020] pci 0000:00:01.1: legacy IDE quirk: reg 0x18: [io  0x0170-0x0177]
[    1.820024] pci 0000:00:01.1: legacy IDE quirk: reg 0x1c: [io  0x0376]
[    1.894838] pci 0000:00:07.0: quirk: [io  0x4000-0x403f] claimed by PIIX4 ACPI
[    1.896140] pci 0000:00:07.0: quirk: [io  0x4100-0x410f] claimed by PIIX4 SMB
[    1.941913] ACPI: PCI Interrupt Link [LNKA] (IRQs 5 9 10 *11)
[    1.959801] ACPI: PCI Interrupt Link [LNKB] (IRQs 5 9 *10 11)
[    1.976464] ACPI: PCI Interrupt Link [LNKC] (IRQs 5 *9 10 11)
[    1.992718] ACPI: PCI Interrupt Link [LNKD] (IRQs 5 9 10 *11)
[    2.012783] ACPI: Enabled 2 GPEs in block 00 to 07
[    2.017071] vgaarb: setting as boot device: PCI:0000:00:02.0
[    2.020000] vgaarb: device added: PCI:0000:00:02.0,decodes=io+mem,owns=io+mem,locks=none
[    2.020077] vgaarb: loaded
[    2.024015] vgaarb: bridge control possible 0000:00:02.0
[    2.029438] SCSI subsystem initialized
[    2.036782] ACPI: bus type USB registered
[    2.040164] usbcore: registered new interface driver usbfs
[    2.044080] usbcore: registered new interface driver hub
[    2.048068] usbcore: registered new device driver usb
[    2.060047] PCI: Using ACPI for IRQ routing
[    2.071132] NetLabel: Initializing
[    2.072013] NetLabel:  domain hash size = 128
[    2.076015] NetLabel:  protocols = UNLABELED CIPSOv4
[    2.080058] NetLabel:  unlabeled traffic allowed by default
[    2.088119] amd_nb: Cannot enumerate AMD northbridges
[    2.093687] clocksource: Switched to clocksource kvm-clock
[    2.117163] AppArmor: AppArmor Filesystem Enabled
[    2.226853] pnp: PnP ACPI init
[    2.230391] pnp: PnP ACPI: found 3 devices
[    2.399424] clocksource: acpi_pm: mask: 0xffffff max_cycles: 0xffffff, max_idle_ns: 2085701024 ns
[    2.400395] NET: Registered protocol family 2
[    2.445293] TCP established hash table entries: 16384 (order: 5, 131072 bytes)
[    2.469423] TCP bind hash table entries: 16384 (order: 6, 262144 bytes)
[    2.471757] TCP: Hash tables configured (established 16384 bind 16384)
[    2.471757] UDP hash table entries: 1024 (order: 3, 32768 bytes)
[    2.471757] UDP-Lite hash table entries: 1024 (order: 3, 32768 bytes)
[    2.471757] NET: Registered protocol family 1
[    2.471757] pci 0000:00:00.0: Limiting direct PCI/PCI transfers
[    2.471757] pci 0000:00:01.0: Activating ISA DMA hang workarounds
[    2.471757] Unpacking initramfs...
[    4.152662] Freeing initrd memory: 15720K
[    4.152662] clocksource: tsc: mask: 0xffffffffffffffff max_cycles: 0x1128b1be6ad, max_idle_ns: 440795207191 ns
[    4.227943] platform rtc_cmos: registered platform RTC device (no PNP device found)
[    4.231416] Scanning for low memory corruption every 60 seconds
[    4.289074] audit: initializing netlink subsys (disabled)
[    4.315316] audit: type=2000 audit(1684434120.404:1): initialized
[    4.345634] Initialise system trusted keyring
[    4.373861] HugeTLB registered 2 MB page size, pre-allocated 0 pages
[    4.407826] zbud: loaded
[    4.421915] VFS: Disk quotas dquot_6.6.0
[    4.424719] VFS: Dquot-cache hash table entries: 512 (order 0, 4096 bytes)
[    4.424719] squashfs: version 4.0 (2009/01/31) Phillip Lougher
[    4.485415] fuse init (API version 7.23)
[    4.500605] Key type big_key registered
[    4.503637] Allocating IMA MOK and blacklist keyrings.
[    4.578701] Key type asymmetric registered
[    4.582675] Asymmetric key parser 'x509' registered
[    4.582675] Block layer SCSI generic (bsg) driver version 0.4 loaded (major 249)
[    4.638431] io scheduler noop registered
[    4.642059] io scheduler deadline registered (default)
[    4.642059] io scheduler cfq registered
[    4.642059] pci_hotplug: PCI Hot Plug PCI Core version: 0.5
[    4.642059] pciehp: PCI Express Hot Plug Controller Driver version: 0.4
[    4.642059] ACPI: AC Adapter [AC] (on-line)
[    4.642059] input: Power Button as /devices/LNXSYSTM:00/LNXPWRBN:00/input/input0
[    4.642059] ACPI: Power Button [PWRF]
[    4.642059] input: Sleep Button as /devices/LNXSYSTM:00/LNXSLPBN:00/input/input1
[    4.642059] ACPI: Sleep Button [SLPF]
[    4.834933] GHES: HEST is not enabled!
[    4.839136] ACPI: Battery Slot [BAT0] (battery present)
[    4.875180] Serial: 8250/16550 driver, 32 ports, IRQ sharing enabled
[    4.958750] 00:02: ttyS0 at I/O 0x3f8 (irq = 4, base_baud = 115200) is a 16550A
[    5.072962] Linux agpgart interface v0.103
[    5.141234] loop: module loaded
[    5.178383] scsi host0: ata_piix
[    5.206606] scsi host1: ata_piix
[    5.230237] ata1: PATA max UDMA/33 cmd 0x1f0 ctl 0x3f6 bmdma 0xd000 irq 14
[    5.268284] ata2: PATA max UDMA/33 cmd 0x170 ctl 0x376 bmdma 0xd008 irq 15
[    5.272134] libphy: Fixed MDIO Bus: probed
[    5.272134] tun: Universal TUN/TAP device driver, 1.6
[    5.331009] tun: (C) 1999-2004 Max Krasnyansky <maxk@qualcomm.com>
[    5.361326] PPP generic driver version 2.4.2
[    5.361441] ehci_hcd: USB 2.0 'Enhanced' Host Controller (EHCI) Driver
[    5.361441] ehci-pci: EHCI PCI platform driver
[    5.361441] ehci-platform: EHCI generic platform driver
[    5.450945] ohci_hcd: USB 1.1 'Open' Host Controller (OHCI) Driver
[    5.475528] ohci-pci: OHCI PCI platform driver
[    5.494545] ohci-platform: OHCI generic platform driver
[    5.517422] uhci_hcd: USB Universal Host Controller Interface driver
[    5.546583] i8042: PNP: PS/2 Controller [PNP0303:PS2K,PNP0f03:PS2M] at 0x60,0x64 irq 1,12
[    5.595629] serio: i8042 KBD port at 0x60,0x64 irq 1
[    5.595629] serio: i8042 AUX port at 0x60,0x64 irq 12
[    5.643039] mousedev: PS/2 mouse device common for all mice
[    5.679774] rtc_cmos rtc_cmos: rtc core: registered rtc_cmos as rtc0
[    5.709411] rtc_cmos rtc_cmos: alarms up to one day, 114 bytes nvram
[    5.736582] i2c /dev entries driver
[    5.755435] device-mapper: uevent: version 1.0.3
[    5.777772] device-mapper: ioctl: 4.34.0-ioctl (2015-10-28) initialised: dm-devel@redhat.com
[    5.811575] ledtrig-cpu: registered to indicate activity on CPUs
[    5.846984] input: AT Translated Set 2 keyboard as /devices/platform/i8042/serio0/input/input2
[    5.905712] NET: Registered protocol family 10
[    5.927200] NET: Registered protocol family 17
[    5.950882] Key type dns_resolver registered
[    5.972102] registered taskstats version 1
[    5.990455] Loading compiled-in X.509 certificates
[    6.014527] Loaded X.509 cert 'Build time autogenerated kernel key: cf00e047681d67edb2720680708b7d9498083038'
[    6.055902] zswap: loaded using pool lzo/zbud
[    6.098791] Key type trusted registered
[    6.158227] Key type encrypted registered
[    6.176789] AppArmor: AppArmor sha1 policy hashing enabled
[    6.200651] ima: No TPM chip found, activating TPM-bypass!
[    6.222184] ima: Allocated hash algorithm: sha1
[    6.243120] evm: HMAC attrs: 0x1
[    6.266559]   Magic number: 7:80:393
[    6.286389] rtc_cmos rtc_cmos: setting system clock to 2023-05-18 18:22:00 UTC (1684434120)
[    6.326996] BIOS EDD facility v0.16 2004-Jun-25, 0 devices found
[    6.354139] EDD information not available.
[    6.385782] Freeing unused kernel memory: 1492K
[    6.421270] Write protecting the kernel read-only data: 14336k
[    6.451046] Freeing unused kernel memory: 1584K
[    6.468782] Freeing unused kernel memory: 52K
Loading, please wait...
starting version 229
[    6.606052] random: systemd-udevd: uninitialized urandom read (16 bytes read, 8 bits of entropy available)
[    6.612519] random: udevadm: uninitialized urandom read (16 bytes read, 8 bits of entropy available)
[    6.612519] random: udevadm: uninitialized urandom read (16 bytes read, 8 bits of entropy available)
[    6.678852] random: udevadm: uninitialized urandom read (16 bytes read, 8 bits of entropy available)
[    6.679034] random: udevadm: uninitialized urandom read (16 bytes read, 8 bits of entropy available)
[    6.680250] random: udevadm: uninitialized urandom read (16 bytes read, 8 bits of entropy available)
[    6.680250] random: udevadm: uninitialized urandom read (16 bytes read, 8 bits of entropy available)
[    6.680250] random: udevadm: uninitialized urandom read (16 bytes read, 8 bits of entropy available)
[    6.680250] random: udevadm: uninitialized urandom read (16 bytes read, 8 bits of entropy available)
[    6.680250] random: udevadm: uninitialized urandom read (16 bytes read, 8 bits of entropy available)
[    7.213997] Fusion MPT base driver 3.04.20
[    7.217672] Copyright (c) 1999-2008 LSI Corporation
[    7.303669] [drm] Initialized drm 1.1.0 20060810
[    7.369188] Fusion MPT SPI Host driver 3.04.20
[    7.488040] e1000: Intel(R) PRO/1000 Network Driver - version 7.3.21-k8-NAPI
[    7.518302] e1000: Copyright (c) 1999-2006 Intel Corporation.
[    7.556788] vboxvideo: loading out-of-tree module taints kernel.
[    7.579731] vboxvideo: module verification failed: signature and/or required key missing - tainting kernel
[    7.581350] mptbase: ioc0: Initiating bringup
[    7.670368] vboxvideo: loading version 6.1.40 r154048
[    7.680169] ioc0: LSI53C1030 A0: Capabilities={Initiator}
[    7.963088] scsi host2: ioc0: LSI53C1030 A0, FwRev=00000000h, Ports=1, MaxQ=256, IRQ=20
[    8.062659] input: ImExPS/2 Generic Explorer Mouse as /devices/platform/i8042/serio1/input/input5
[    8.142950] scsi 2:0:0:0: Direct-Access     VBOX     HARDDISK         1.0  PQ: 0 ANSI: 5
[    8.174641] scsi target2:0:0: Beginning Domain Validation
[    8.235532] scsi target2:0:0: Domain Validation skipping write tests
[    8.257696] scsi target2:0:0: Ending Domain Validation
[    8.278148] scsi target2:0:0: asynchronous
[    8.306142] scsi 2:0:1:0: Direct-Access     VBOX     HARDDISK         1.0  PQ: 0 ANSI: 5
[    8.335436] scsi target2:0:1: Beginning Domain Validation
[    8.386544] scsi target2:0:1: Domain Validation skipping write tests
[    8.411394] scsi target2:0:1: Ending Domain Validation
[    8.433343] scsi target2:0:1: asynchronous
[    8.567870] sd 2:0:0:0: [sda] 83886080 512-byte logical blocks: (42.9 GB/40.0 GiB)
[    8.613088] sd 2:0:0:0: Attached scsi generic sg0 type 0
[    8.652690] sd 2:0:1:0: Attached scsi generic sg1 type 0
[    8.790854] sd 2:0:0:0: [sda] Write Protect is off
[    8.821045] sd 2:0:1:0: [sdb] 20480 512-byte logical blocks: (10.5 MB/10.0 MiB)
[    8.856741] sd 2:0:0:0: [sda] Incomplete mode parameter data
[    8.857760] sd 2:0:1:0: [sdb] Write Protect is off
[    8.863588] sd 2:0:1:0: [sdb] Incomplete mode parameter data
[    8.863593] sd 2:0:1:0: [sdb] Assuming drive cache: write through
[    8.918867] sd 2:0:1:0: [sdb] Attached SCSI disk
[    8.991445] sd 2:0:0:0: [sda] Assuming drive cache: write through
[    9.034836]  sda: sda1
[    9.069155] sd 2:0:0:0: [sda] Attached SCSI disk
[   10.087542] e1000 0000:00:03.0 eth0: (PCI:33MHz:32-bit) 02:be:82:6b:cc:1d
[   10.118342] e1000 0000:00:03.0 eth0: Intel(R) PRO/1000 Network Connection
[   11.798222] e1000 0000:00:08.0 eth1: (PCI:33MHz:32-bit) 08:00:27:34:eb:94
[   11.827674] e1000 0000:00:08.0 eth1: Intel(R) PRO/1000 Network Connection
[   11.864213] e1000 0000:00:03.0 enp0s3: renamed from eth0
[   11.899545] [drm] VRAM 01000000
[   11.915428] [TTM] Zone  kernel: Available graphics memory: 900048 kiB
[   11.921194] e1000 0000:00:08.0 enp0s8: renamed from eth1
[   11.963440] [TTM] Initializing pool allocator
[   11.981011] [TTM] Initializing DMA pool allocator
[   12.089157] fbcon: vboxdrmfb (fb0) is primary device
[   12.233477] Console: switching to colour frame buffer device 100x37
[   12.381560] vboxvideo 0000:00:02.0: fb0: vboxdrmfb frame buffer device
[   12.408665] [drm] Initialized vboxvideo 1.0.0 20130823 for 0000:00:02.0 on minor 0
Begin: Loading essential drivers ... [   12.863965] md: linear personality registered for level -1
[   12.903344] md: multipath personality registered for level -4
[   12.943185] md: raid0 personality registered for level 0
[   13.033165] md: raid1 personality registered for level 1
[   13.152438] raid6: sse2x1   gen()  2255 MB/s
[   13.228905] raid6: sse2x1   xor()  1682 MB/s
[   13.304433] raid6: sse2x2   gen()  3176 MB/s
[   13.380912] raid6: sse2x2   xor()  2107 MB/s
[   13.457140] raid6: sse2x4   gen()  4078 MB/s
[   13.544894] raid6: sse2x4   xor()  3019 MB/s
[   13.568769] raid6: using algorithm sse2x4 gen() 4078 MB/s
[   13.596841] raid6: .... xor() 3019 MB/s, rmw enabled
[   13.625264] raid6: using ssse3x2 recovery algorithm
[   13.668709] xor: measuring software checksum speed
[   13.736834]    prefetch64-sse:  5473.000 MB/sec
[   13.808337]    generic_sse:  4168.000 MB/sec
[   13.841237] xor: using function: prefetch64-sse (5473.000 MB/sec)
[   13.894360] async_tx: api initialized (async)
[   14.163637] md: raid6 personality registered for level 6
[   14.216590] md: raid5 personality registered for level 5
[   14.269485] md: raid4 personality registered for level 4
[   14.430156] md: raid10 personality registered for level 10
done.
Begin: Running /scripts/init-premount ... done.
Begin: Mounting root file system ... Begin: Running /scripts/local-top ... done.
Begin: Running /scripts/local-premount ... [   14.806375] Btrfs loaded
Scanning for Btrfs filesystems
done.
Begin: Will now check root file system ... fsck from util-linux 2.27.1
[/sbin/fsck.ext4 (1) -- /dev/sda1] fsck.ext4 -a -C0 /dev/sda1 
cloudimg-rootfs: recovering journal
cloudimg-rootfs: clean, 67178/5120000 files, 661021/10485499 blocks
done.
[   15.261271] EXT4-fs (sda1): mounted filesystem with ordered data mode. Opts: (null)
done.
Begin: Running /scripts/local-bottom ... done.
Begin: Running /scripts/init-bottom ... done.
[   16.126883] systemd[1]: systemd 229 running in system mode. (+PAM +AUDIT +SELINUX +IMA +APPARMOR +SMACK +SYSVINIT +UTMP +LIBCRYPTSETUP +GCRYPT +GNUTLS +ACL +XZ -LZ4 +SECCOMP +BLKID +ELFUTILS +KMOD -IDN)
[   16.293976] systemd[1]: Detected virtualization oracle.
[   16.359564] systemd[1]: Detected architecture x86-64.

Welcome to [1mUbuntu 16.04.7 LTS[0m!

[   16.459501] systemd[1]: Set hostname to <web01>.
[   16.717173] random: nonblocking pool is initialized
[   17.316537] systemd[1]: Reached target System Time Synchronized.
[[0;32m  OK  [0m] Reached target System Time Synchronized.
[   17.386198] systemd[1]: Reached target User and Group Name Lookups.
[[0;32m  OK  [0m] Reached target User and Group Name Lookups.
[   17.462231] systemd[1]: Reached target Swap.
[[0;32m  OK  [0m] Reached target Swap.
[   17.529296] systemd[1]: Listening on Device-mapper event daemon FIFOs.
[[0;32m  OK  [0m] Listening on Device-mapper event daemon FIFOs.
[   17.606864] systemd[1]: Listening on LVM2 metadata daemon socket.
[[0;32m  OK  [0m] Listening on LVM2 metadata daemon socket.
[   17.681986] systemd[1]: Listening on fsck to fsckd communication Socket.
[[0;32m  OK  [0m] Listening on fsck to fsckd communication Socket.
[   17.758059] systemd[1]: Started Forward Password Requests to Wall Directory Watch.
[[0;32m  OK  [0m] Started Forward Password Requests to Wall Directory Watch.
[   17.833372] systemd[1]: Created slice User and Session Slice.
[[0;32m  OK  [0m] Created slice User and Session Slice.
[   17.908763] systemd[1]: Listening on Syslog Socket.
[[0;32m  OK  [0m] Listening on Syslog Socket.
[   17.983737] systemd[1]: Set up automount Arbitrary Executable File Formats File System Automount Point.
[[0;32m  OK  [0m] Set up automount Arbitrary Executab...ats File System Automount Point.
[   18.111803] systemd[1]: Listening on LVM2 poll daemon socket.
[[0;32m  OK  [0m] Listening on LVM2 poll daemon socket.
[   18.186333] systemd[1]: Listening on udev Kernel Socket.
[[0;32m  OK  [0m] Listening on udev Kernel Socket.
[   18.259618] systemd[1]: Listening on /dev/initctl Compatibility Named Pipe.
[[0;32m  OK  [0m] Listening on /dev/initctl Compatibility Named Pipe.
[   18.348322] systemd[1]: Reached target Encrypted Volumes.
[[0;32m  OK  [0m] Reached target Encrypted Volumes.
[   18.422012] systemd[1]: Created slice System Slice.
[[0;32m  OK  [0m] Created slice System Slice.
[   18.494408] systemd[1]: Reached target Slices.
[[0;32m  OK  [0m] Reached target Slices.
[   18.570922] systemd[1]: Created slice system-serial\x2dgetty.slice.
[[0;32m  OK  [0m] Created slice system-serial\x2dgetty.slice.
[   18.651328] systemd[1]: Listening on Journal Socket (/dev/log).
[[0;32m  OK  [0m] Listening on Journal Socket (/dev/log).
[   18.725590] systemd[1]: Listening on Journal Audit Socket.
[[0;32m  OK  [0m] Listening on Journal Audit Socket.
[   18.802297] systemd[1]: Started Trigger resolvconf update for networkd DNS.
[[0;32m  OK  [0m] Started Trigger resolvconf update for networkd DNS.
[   18.882933] systemd[1]: Listening on udev Control Socket.
[[0;32m  OK  [0m] Listening on udev Control Socket.
[   18.962461] systemd[1]: Listening on Journal Socket.
[[0;32m  OK  [0m] Listening on Journal Socket.
[   19.061815] systemd[1]: Mounting POSIX Message Queue File System...
         Mounting POSIX Message Queue File System...
[   19.142657] systemd[1]: Starting Monitoring of LVM2 mirrors, snapshots etc. using dmeventd or progress polling...
         Starting Monitoring of LVM2 mirrors... dmeventd or progress polling...
[   19.283086] systemd[1]: Starting Create list of required static device nodes for the current kernel...
         Starting Create list of required st... nodes for the current kernel...
[   19.449436] systemd[1]: Starting Load Kernel Modules...
         Starting Load Kernel Modules...
[   19.537928] systemd[1]: Mounting Huge Pages File System...
[   19.613848] Loading iSCSI transport class v2.0-870.
         Mounting Huge Pages File System...
[   19.721531] systemd[1]: Mounting Debug File System...
[   19.791570] iscsi: registered transport (tcp)
         Mounting Debug File System...
[   19.869519] systemd[1]: Starting Nameserver information manager...
         Starting Nameserver information manager...
[   19.959917] systemd[1]: Starting Set console keymap...
         Starting Set console keymap...
[   20.050605] systemd[1]: Starting Journal Service...
         Starting Journal Service...
[   20.149531] systemd[1]: Starting Remount Root and Kernel File Systems...
[   20.174795] EXT4-fs (sda1): re-mounted. Opts: (null)
         Starting Remount Root and Kernel File Systems...
[   20.292046] systemd[1]: Starting Uncomplicated firewall...
         Starting Uncomplicated firewall...
[   20.385301] systemd[1]: Mounted Huge Pages File System.
[[0;32m  OK  [0m] Mounted Huge Pages File System.
[   20.463132] systemd[1]: Mounted POSIX Message Queue File System.
[[0;32m  OK  [0m] Mounted POSIX Message Queue File System.
[   20.558403] systemd[1]: Mounted Debug File System.
[[0;32m  OK  [0m] Mounted Debug File System.
[   20.638923] systemd[1]: Started Journal Service.
[[0;32m  OK  [0m] Started Journal Service.
[[0;32m  OK  [0m] Started Create list of required sta...ce nodes for the current kernel.
[[0;32m  OK  [0m] Started Set console keymap.
[[0;32m  OK  [0m] Started Remount Root and Kernel File Systems.
[[0;32m  OK  [0m] Started Uncomplicated firewall.
[   20.883503] iscsi: registered transport (iser)
[[0;32m  OK  [0m] Started Nameserver information manager.
[[0;32m  OK  [0m] Started Load Kernel Modules.
[[0;32m  OK  [0m] Started LVM2 metadata daemon.
         Mounting FUSE Control File System...
         Starting Apply Kernel Variables...
         Starting Load/Save Random Seed...
         Starting udev Coldplug all Devices...
         Starting Create Static Device Nodes in /dev...
         Starting Flush Journal to Persistent Storage...
[[0;32m  OK  [0m] Mounted FUSE Control File System.
[[0;32m  OK  [0m] Started Apply Kernel Variables.
[[0;32m  OK  [0m] Started Load/Save Random Seed.
[[0;32m  OK  [0m] Started Flush Journal to Persistent Storage.
[[0;32m  OK  [0m] Started Create Static Device Nodes in /dev.
         Starting udev Kernel Device Manager...
[[0;32m  OK  [0m] Started udev Coldplug all Devices.
[[0;32m  OK  [0m] Started Monitoring of LVM2 mirrors,...ng dmeventd or progress polling.
[[0;32m  OK  [0m] Reached target Local File Systems (Pre).
[[0;32m  OK  [0m] Reached target Local File Systems.
         Starting LSB: AppArmor initialization...
         Starting Set console font and keymap...
         Starting Create Volatile Files and Directories...
         Starting Initial cloud-init job (pre-networking)...
         Starting Tell Plymouth To Write Out Runtime Data...
[[0;32m  OK  [0m] Started udev Kernel Device Manager.
[[0;32m  OK  [0m] Started Create Volatile Files and Directories.
         Starting Update UTMP about System Boot/Shutdown...
[[0;32m  OK  [0m] Started Dispatch Password Requests to Console Directory Watch.
[[0;32m  OK  [0m] Started Tell Plymouth To Write Out Runtime Data.
[[0;32m  OK  [0m] Started Update UTMP about System Boot/Shutdown.
[[0;32m  OK  [0m] Found device /dev/ttyS0.
[[0;32m  OK  [0m] Listening on Load/Save RF Kill Switch Status /dev/rfkill Watch.
[[0;32m  OK  [0m] Started Set console font and keymap.
[[0;32m  OK  [0m] Started LSB: AppArmor initialization.
         Starting Load AppArmor profiles managed internally by snapd...
[[0;32m  OK  [0m] Created slice system-getty.slice.
[[0;32m  OK  [0m] Started Load AppArmor profiles managed internally by snapd.
[[0;32m  OK  [0m] Found device 82540EM Gigabit Ethern...r (PRO/1000 MT Desktop Adapter).
[[0;32m  OK  [0m] Found device 82540EM Gigabit Ethern...r (PRO/1000 MT Desktop Adapter).
[   27.044655] cloud-init[489]: Cloud-init v. 21.1-19-gbad84ad4-0ubuntu1~16.04.2 running 'init-local' at Thu, 18 May 2023 18:22:20 +0000. Up 25.90 seconds.
[[0;32m  OK  [0m] Started Initial cloud-init job (pre-networking).
[[0;32m  OK  [0m] Reached target Network (Pre).
[[0;32m  OK  [0m] Started ifup for enp0s8.
[[0;32m  OK  [0m] Started ifup for enp0s3.
         Starting Raise network interfaces...
[[0;32m  OK  [0m] Started Raise network interfaces.
         Starting Initial cloud-init job (metadata service crawler)...
[[0;32m  OK  [0m] Reached target Network.
[   30.550235] cloud-init[1077]: Cloud-init v. 21.1-19-gbad84ad4-0ubuntu1~16.04.2 running 'init' at Thu, 18 May 2023 18:22:23 +0000. Up 29.40 seconds.
[   30.572079] cloud-init[1077]: ci-info: ++++++++++++++++++++++++++++++++++++++Net device info+++++++++++++++++++++++++++++++++++++++
[   30.593642] cloud-init[1077]: ci-info: +--------+------+-----------------------------+---------------+--------+-------------------+
[   30.613864] cloud-init[1077]: ci-info: | Device |  Up  |           Address           |      Mask     | Scope  |     Hw-Address    |
[   30.634408] cloud-init[1077]: ci-info: +--------+------+-----------------------------+---------------+--------+-------------------+
[   30.654248] cloud-init[1077]: ci-info: | enp0s3 | True |          10.0.2.15          | 255.255.255.0 | global | 02:be:82:6b:cc:1d |
[   30.671912] cloud-init[1077]: ci-info: | enp0s3 | True |  fe80::be:82ff:fe6b:cc1d/64 |       .       |  link  | 02:be:82:6b:cc:1d |
[   30.695111] cloud-init[1077]: ci-info: | enp0s8 | True |        192.168.56.11        | 255.255.255.0 | global | 08:00:27:34:eb:94 |
[   30.716085] cloud-init[1077]: ci-info: | enp0s8 | True | fe80::a00:27ff:fe34:eb94/64 |       .       |  link  | 08:00:27:34:eb:94 |
[   30.740087] cloud-init[1077]: ci-info: |   lo   | True |          127.0.0.1          |   255.0.0.0   |  host  |         .         |
[   30.763299] cloud-init[1077]: ci-info: |   lo   | True |           ::1/128           |       .       |  host  |         .         |
[   30.783151] cloud-init[1077]: ci-info: +--------+------+-----------------------------+---------------+--------+-------------------+
[   30.806053] cloud-init[1077]: ci-info: ++++++++++++++++++++++++++++Route IPv4 info++++++++++++++++++++++++++++
[   30.825866] cloud-init[1077]: ci-info: +-------+--------------+----------+---------------+-----------+-------+
[   30.843294] cloud-init[1077]: ci-info: | Route | Destination  | Gateway  |    Genmask    | Interface | Flags |
[   30.863913] cloud-init[1077]: ci-info: +-------+--------------+----------+---------------+-----------+-------+
[   30.883728] cloud-init[1077]: ci-info: |   0   |   0.0.0.0    | 10.0.2.2 |    0.0.0.0    |   enp0s3  |   UG  |
[   30.906708] cloud-init[1077]: ci-info: |   1   |   10.0.2.0   | 0.0.0.0  | 255.255.255.0 |   enp0s3  |   U   |
[   30.926745] cloud-init[1077]: ci-info: |   2   | 192.168.56.0 | 0.0.0.0  | 255.255.255.0 |   enp0s8  |   U   |
[   30.945313] cloud-init[1077]: ci-info: +-------+--------------+----------+---------------+-----------+-------+
[   30.965708] cloud-init[1077]: ci-info: +++++++++++++++++++Route IPv6 info+++++++++++++++++++
[   30.982353] cloud-init[1077]: ci-info: +-------+-------------+---------+-----------+-------+
[   30.998830] cloud-init[1077]: ci-info: | Route | Destination | Gateway | Interface | Flags |
[   31.015663] cloud-init[1077]: ci-info: +-------+-------------+---------+-----------+-------+
[   31.034966] cloud-init[1077]: ci-info: |   0   |  fe80::/64  |    ::   |   enp0s8  |   U   |
[[0;32m  OK  [0m] Started Initial cloud-init job (metadata service crawler).
[[0;32m  OK  [0m] Reached target Network is Online.
[   31.050854] cloud-init[1077]: ci-info: |   1   |  fe80::/64  |    ::   |   enp0s3  |   U   |
[   31.086611] cloud-init[1077]: ci-info: |   6   |   ff00::/8  |    ::   |   enp0s8  |   U   |
         Starting iSCSI initiator daemon (iscsid)...
[[0;32m  OK  [0m] Reached target Cloud-config availability.
[[0;32m  OK  [0m] Reached target System Initialization.
[   31.115957] cloud-init[1077]: ci-info: |   7   |   ff00::/8  |    ::   |   enp0s3  |   U   |
[[0;32m  OK  [0m] Listening on D-Bus System Message Bus Socket.
[[0;32m  OK  [0m] Started Ubuntu Advantage update messaging.
[[0;32m  OK  [0m] Listening on UUID daemon activation socket.
[[0;32m  OK  [0m] Listening on ACPID Listen Socket.
[   31.167733] cloud-init[1077]: ci-info: +-------+-------------+---------+-----------+-------+
         Starting LXD - unix socket.
[[0;32m  OK  [0m] Started Daily apt download activities.
[[0;32m  OK  [0m] Started Daily apt upgrade and clean activities.
         Starting Socket activation for snappy daemon.
[[0;32m  OK  [0m] Started Daily Cleanup of Temporary Directories.
[[0;32m  OK  [0m] Started ACPI Events Check.
[[0;32m  OK  [0m] Reached target Paths.
[[0;32m  OK  [0m] Started Message of the Day.
[[0;32m  OK  [0m] Reached target Timers.
[[0;32m  OK  [0m] Listening on LXD - unix socket.
[[0;32m  OK  [0m] Listening on Socket activation for snappy daemon.
[[0;32m  OK  [0m] Reached target Sockets.
[[0;32m  OK  [0m] Reached target Basic System.
         Starting System Logging Service...
         Starting Login Service...
         Starting A high performance web server and a reverse proxy server...
[[0;32m  OK  [0m] Started FUSE filesystem for LXC.
[[0;32m  OK  [0m] Started Deferred execution scheduler.
         Starting LSB: Record successful boot for GRUB...
         Starting vboxadd.service...
         Starting LSB: MD monitoring daemon...
[[0;32m  OK  [0m] Started Regular background program processing daemon.
         Starting OpenBSD Secure Shell server...
[[0;32m  OK  [0m] Started ACPI event daemon.
[[0;32m  OK  [0m] Started D-Bus System Message Bus.
         Starting Snap Daemon...
         Starting Accounts Service...
         Starting /etc/rc.local Compatibility...
         Starting LXD - container startup/shutdown...
[[0;32m  OK  [0m] Started System Logging Service.
[[0;32m  OK  [0m] Started iSCSI initiator daemon (iscsid).
[[0;32m  OK  [0m] Started /etc/rc.local Compatibility.
[[0;32m  OK  [0m] Started OpenBSD Secure Shell server.
[[0;32m  OK  [0m] Started A high performance web server and a reverse proxy server.
[[0;32m  OK  [0m] Started Login Service.
[[0;32m  OK  [0m] Started Unattended Upgrades Shutdown.
         Starting Authenticate and Authorize Users to Run Privileged Tasks...
         Starting Login to default iSCSI targets...
[[0;32m  OK  [0m] Started LXD - container startup/shutdown.
[[0;32m  OK  [0m] Started LSB: Record successful boot for GRUB.
[[0;32m  OK  [0m] Started LSB: MD monitoring daemon.
[[0;32m  OK  [0m] Started Authenticate and Authorize Users to Run Privileged Tasks.
[[0;32m  OK  [0m] Started Accounts Service.
[[0;32m  OK  [0m] Started Login to default iSCSI targets.
[[0;32m  OK  [0m] Reached target Remote File Systems (Pre).
         Mounting /vagrant...
[[0;1;31mFAILED[0m] Failed to mount /vagrant.
See 'systemctl status vagrant.mount' for details.
[[0;1;33mDEPEND[0m] Dependency failed for Remote File Systems.
         Starting LSB: Set the CPU Frequency Scaling governor to "ondemand"...
         Starting LSB: daemon to balance interrupts for SMP systems...
         Starting Permit User Sessions...
         Starting LSB: automatic crash report generation...
[[0;32m  OK  [0m] Started Permit User Sessions.
         Starting Terminate Plymouth Boot Screen...
         Starting Hold until boot process finishes up...
[[0;32m  OK  [0m] Started Terminate Plymouth Boot Screen.
[[0;32m  OK  [0m] Started Hold until boot process finishes up.
         Starting Set console scheme...
[[0;32m  OK  [0m] Started Getty on tty1.
[[0;32m  OK  [0m] Started Serial Getty on ttyS0.
[[0;32m  OK  [0m] Reached target Login Prompts.
[[0;32m  OK  [0m] Started LSB: Set the CPU Frequency Scaling governor to "ondemand".
[[0;32m  OK  [0m] Started LSB: daemon to balance interrupts for SMP systems.
[[0;32m  OK  [0m] Started LSB: automatic crash report generation.
[[0;32m  OK  [0m] Started Set console scheme.
[[0;32m  OK  [0m] Started Snap Daemon.
         Starting Wait until snapd is fully seeded...
[[0;32m  OK  [0m] Started Wait until snapd is fully seeded.
         Starting Apply the settings specified in cloud-config...
[   37.671467] cloud-init[1404]: Cloud-init v. 21.1-19-gbad84ad4-0ubuntu1~16.04.2 running 'modules:config' at Thu, 18 May 2023 18:22:31 +0000. Up 37.24 seconds.
[[0;32m  OK  [0m] Started Apply the settings specified in cloud-config.

Ubuntu 16.04.7 LTS web01 ttyS0

web01 login: [  119.434804] cloud-init[9602]: Cloud-init v. 21.1-19-gbad84ad4-0ubuntu1~16.04.2 running 'modules:final' at Thu, 18 May 2023 18:23:53 +0000. Up 119.04 seconds.
[  119.467821] cloud-init[9602]: Cloud-init v. 21.1-19-gbad84ad4-0ubuntu1~16.04.2 finished at Thu, 18 May 2023 18:23:53 +0000. Datasource DataSourceNoCloud [seed=/dev/sdb][dsmode=net].  Up 119.41 seconds
