[    0.000000] Linux version 4.15.0-200-generic (buildd@lcy02-amd64-069) (gcc version 7.5.0 (Ubuntu 7.5.0-3ubuntu1~18.04)) #211-Ubuntu SMP Thu Nov 24 18:16:04 UTC 2022 (Ubuntu 4.15.0-200.211-generic 4.15.18)
[    0.000000] Command line: BOOT_IMAGE=/boot/vmlinuz-4.15.0-200-generic root=LABEL=cloudimg-rootfs ro console=tty1 console=ttyS0
[    0.000000] KERNEL supported cpus:
[    0.000000]   Intel GenuineIntel
[    0.000000]   AMD AuthenticAMD
[    0.000000]   Centaur CentaurHauls
[    0.000000] x86/fpu: x87 FPU will use FXSAVE
[    0.000000] e820: BIOS-provided physical RAM map:
[    0.000000] BIOS-e820: [mem 0x0000000000000000-0x000000000009fbff] usable
[    0.000000] BIOS-e820: [mem 0x000000000009fc00-0x000000000009ffff] reserved
[    0.000000] BIOS-e820: [mem 0x00000000000f0000-0x00000000000fffff] reserved
[    0.000000] BIOS-e820: [mem 0x0000000000100000-0x000000003ffeffff] usable
[    0.000000] BIOS-e820: [mem 0x000000003fff0000-0x000000003fffffff] ACPI data
[    0.000000] BIOS-e820: [mem 0x00000000fec00000-0x00000000fec00fff] reserved
[    0.000000] BIOS-e820: [mem 0x00000000fee00000-0x00000000fee00fff] reserved
[    0.000000] BIOS-e820: [mem 0x00000000fffc0000-0x00000000ffffffff] reserved
[    0.000000] NX (Execute Disable) protection: active
[    0.000000] SMBIOS 2.5 present.
[    0.000000] DMI: innotek GmbH VirtualBox/VirtualBox, BIOS VirtualBox 12/01/2006
[    0.000000] Hypervisor detected: KVM
[    0.000000] e820: last_pfn = 0x3fff0 max_arch_pfn = 0x400000000
[    0.000000] MTRR: Disabled
[    0.000000] x86/PAT: MTRRs disabled, skipping PAT initialization too.
[    0.000000] CPU MTRRs all blank - virtualized system.
[    0.000000] x86/PAT: Configuration [0-7]: WB  WT  UC- UC  WB  WT  UC- UC  
[    0.000000] found SMP MP-table at [mem 0x0009fff0-0x0009ffff]
[    0.000000] Scanning 1 areas for low memory corruption
[    0.000000] RAMDISK: [mem 0x359c9000-0x36cdbfff]
[    0.000000] ACPI: Early table checksum verification disabled
[    0.000000] ACPI: RSDP 0x00000000000E0000 000024 (v02 VBOX  )
[    0.000000] ACPI: XSDT 0x000000003FFF0030 00003C (v01 VBOX   VBOXXSDT 00000001 ASL  00000061)
[    0.000000] ACPI: FACP 0x000000003FFF00F0 0000F4 (v04 VBOX   VBOXFACP 00000001 ASL  00000061)
[    0.000000] ACPI: DSDT 0x000000003FFF0470 002325 (v02 VBOX   VBOXBIOS 00000002 INTL 20100528)
[    0.000000] ACPI: FACS 0x000000003FFF0200 000040
[    0.000000] ACPI: FACS 0x000000003FFF0200 000040
[    0.000000] ACPI: APIC 0x000000003FFF0240 00005C (v02 VBOX   VBOXAPIC 00000001 ASL  00000061)
[    0.000000] ACPI: SSDT 0x000000003FFF02A0 0001CC (v01 VBOX   VBOXCPUT 00000002 INTL 20100528)
[    0.000000] ACPI: Reserving FACP table memory at [mem 0x3fff00f0-0x3fff01e3]
[    0.000000] ACPI: Reserving DSDT table memory at [mem 0x3fff0470-0x3fff2794]
[    0.000000] ACPI: Reserving FACS table memory at [mem 0x3fff0200-0x3fff023f]
[    0.000000] ACPI: Reserving FACS table memory at [mem 0x3fff0200-0x3fff023f]
[    0.000000] ACPI: Reserving APIC table memory at [mem 0x3fff0240-0x3fff029b]
[    0.000000] ACPI: Reserving SSDT table memory at [mem 0x3fff02a0-0x3fff046b]
[    0.000000] No NUMA configuration found
[    0.000000] Faking a node at [mem 0x0000000000000000-0x000000003ffeffff]
[    0.000000] NODE_DATA(0) allocated [mem 0x3ffc5000-0x3ffeffff]
[    0.000000] kvm-clock: cpu 0, msr 0:3ff44001, primary cpu clock
[    0.000000] kvm-clock: Using msrs 4b564d01 and 4b564d00
[    0.000000] kvm-clock: using sched offset of 8739557053 cycles
[    0.000000] clocksource: kvm-clock: mask: 0xffffffffffffffff max_cycles: 0x1cd42e4dffb, max_idle_ns: 881590591483 ns
[    0.000000] Zone ranges:
[    0.000000]   DMA      [mem 0x0000000000001000-0x0000000000ffffff]
[    0.000000]   DMA32    [mem 0x0000000001000000-0x000000003ffeffff]
[    0.000000]   Normal   empty
[    0.000000]   Device   empty
[    0.000000] Movable zone start for each node
[    0.000000] Early memory node ranges
[    0.000000]   node   0: [mem 0x0000000000001000-0x000000000009efff]
[    0.000000]   node   0: [mem 0x0000000000100000-0x000000003ffeffff]
[    0.000000] Reserved but unavailable: 104 pages
[    0.000000] Initmem setup node 0 [mem 0x0000000000001000-0x000000003ffeffff]
[    0.000000] ACPI: PM-Timer IO Port: 0x4008
[    0.000000] IOAPIC[0]: apic_id 2, version 32, address 0xfec00000, GSI 0-23
[    0.000000] ACPI: INT_SRC_OVR (bus 0 bus_irq 0 global_irq 2 dfl dfl)
[    0.000000] ACPI: INT_SRC_OVR (bus 0 bus_irq 9 global_irq 9 low level)
[    0.000000] Using ACPI (MADT) for SMP configuration information
[    0.000000] smpboot: Allowing 2 CPUs, 0 hotplug CPUs
[    0.000000] PM: Registered nosave memory: [mem 0x00000000-0x00000fff]
[    0.000000] PM: Registered nosave memory: [mem 0x0009f000-0x0009ffff]
[    0.000000] PM: Registered nosave memory: [mem 0x000a0000-0x000effff]
[    0.000000] PM: Registered nosave memory: [mem 0x000f0000-0x000fffff]
[    0.000000] e820: [mem 0x40000000-0xfebfffff] available for PCI devices
[    0.000000] Booting paravirtualized kernel on KVM
[    0.000000] clocksource: refined-jiffies: mask: 0xffffffff max_cycles: 0xffffffff, max_idle_ns: 7645519600211568 ns
[    0.000000] setup_percpu: NR_CPUS:8192 nr_cpumask_bits:2 nr_cpu_ids:2 nr_node_ids:1
[    0.000000] percpu: Embedded 50 pages/cpu s167936 r8192 d28672 u1048576
[    0.000000] PV qspinlock hash table entries: 256 (order: 0, 4096 bytes)
[    0.000000] Built 1 zonelists, mobility grouping on.  Total pages: 257913
[    0.000000] Policy zone: DMA32
[    0.000000] Kernel command line: BOOT_IMAGE=/boot/vmlinuz-4.15.0-200-generic root=LABEL=cloudimg-rootfs ro console=tty1 console=ttyS0
[    0.000000] Memory: 982648K/1048120K available (12300K kernel code, 2477K rwdata, 4320K rodata, 2472K init, 2720K bss, 65472K reserved, 0K cma-reserved)
[    0.000000] SLUB: HWalign=64, Order=0-3, MinObjects=0, CPUs=2, Nodes=1
[    0.000000] ftrace: allocating 39478 entries in 155 pages
[    0.004000] Hierarchical RCU implementation.
[    0.004000] 	RCU restricting CPUs from NR_CPUS=8192 to nr_cpu_ids=2.
[    0.004000] 	Tasks RCU enabled.
[    0.004000] RCU: Adjusting geometry for rcu_fanout_leaf=16, nr_cpu_ids=2
[    0.004000] NR_IRQS: 524544, nr_irqs: 440, preallocated irqs: 16
[    0.004000] Console: colour VGA+ 80x25
[    0.004000] console [tty1] enabled
[    0.004000] console [ttyS0] enabled
[    0.004000] ACPI: Core revision 20170831
[    0.004000] ACPI: 2 ACPI AML tables successfully acquired and loaded
[    0.004000] APIC: Switch to symmetric I/O mode setup
[    0.004000] ..TIMER: vector=0x30 apic1=0 pin1=2 apic2=-1 pin2=-1
[    0.004018] tsc: Detected 1190.403 MHz processor
[    0.008038] Calibrating delay loop (skipped) preset value.. 2380.80 BogoMIPS (lpj=4761612)
[    0.012022] pid_max: default: 32768 minimum: 301
[    0.016439] Security Framework initialized
[    0.020023] Yama: becoming mindful.
[    0.024323] AppArmor: AppArmor initialized
[    0.048384] Dentry cache hash table entries: 131072 (order: 8, 1048576 bytes)
[    0.061431] Inode-cache hash table entries: 65536 (order: 7, 524288 bytes)
[    0.064356] Mount-cache hash table entries: 2048 (order: 2, 16384 bytes)
[    0.072247] Mountpoint-cache hash table entries: 2048 (order: 2, 16384 bytes)
[    0.086732] Last level iTLB entries: 4KB 0, 2MB 0, 4MB 0
[    0.088020] Last level dTLB entries: 4KB 0, 2MB 0, 4MB 0, 1GB 0
[    0.092023] Spectre V1 : Mitigation: usercopy/swapgs barriers and __user pointer sanitization
[    0.096057] Spectre V2 : Mitigation: Enhanced IBRS
[    0.100014] Spectre V2 : Spectre v2 / SpectreRSB mitigation: Filling RSB on context switch
[    0.104016] Speculative Store Bypass: Vulnerable
[    0.108235] MMIO Stale Data: Vulnerable: Clear CPU buffers attempted, no microcode
[    0.112569] Freeing SMP alternatives memory: 36K
[    0.237899] smpboot: CPU0: Intel(R) Core(TM) i5-1035G1 CPU @ 1.00GHz (family: 0x6, model: 0x7e, stepping: 0x5)
[    0.245949] Performance Events: unsupported p6 CPU model 126 no PMU driver, software events only.
[    0.252235] Hierarchical SRCU implementation.
[    0.260397] NMI watchdog: Perf event create on CPU 0 failed with -2
[    0.264018] NMI watchdog: Perf NMI watchdog permanently disabled
[    0.269153] smp: Bringing up secondary CPUs ...
[    0.278721] x86: Booting SMP configuration:
[    0.280016] .... node  #0, CPUs:      #1
[    0.004000] kvm-clock: cpu 1, msr 0:3ff44041, secondary cpu clock
[    0.320000] TSC synchronization [CPU#0 -> CPU#1]:
[    0.320000] Measured 71645 cycles TSC warp between CPUs, turning off TSC clock.
[    0.320000] tsc: Marking TSC unstable due to check_tsc_sync_source failed
[    0.329043] smp: Brought up 1 node, 2 CPUs
[    0.332036] smpboot: Max logical packages: 1
[    0.336043] smpboot: Total of 2 processors activated (4761.61 BogoMIPS)
[    0.352367] devtmpfs: initialized
[    0.356468] x86/mm: Memory block size: 128MB
[    0.365254] evm: security.selinux
[    0.368016] evm: security.SMACK64
[    0.372018] evm: security.SMACK64EXEC
[    0.376015] evm: security.SMACK64TRANSMUTE
[    0.380017] evm: security.SMACK64MMAP
[    0.384017] evm: security.apparmor
[    0.388019] evm: security.ima
[    0.392016] evm: security.capability
[    0.400965] clocksource: jiffies: mask: 0xffffffff max_cycles: 0xffffffff, max_idle_ns: 7645041785100000 ns
[    0.404051] futex hash table entries: 512 (order: 3, 32768 bytes)
[    0.408753] pinctrl core: initialized pinctrl subsystem
[    0.414192] RTC time: 12:19:57, date: 05/18/23
[    0.421691] NET: Registered protocol family 16
[    0.428062] audit: initializing netlink subsys (disabled)
[    0.436558] audit: type=2000 audit(1684412404.461:1): state=initialized audit_enabled=0 res=1
[    0.488299] cpuidle: using governor ladder
[    0.492045] cpuidle: using governor menu
[    0.496169] ACPI: bus type PCI registered
[    0.500021] acpiphp: ACPI Hot Plug PCI Controller Driver version: 0.5
[    0.506533] PCI: Using configuration type 1 for base access
[    0.525663] HugeTLB registered 2.00 MiB page size, pre-allocated 0 pages
[    0.541568] ACPI: Added _OSI(Module Device)
[    0.556016] ACPI: Added _OSI(Processor Device)
[    0.580023] ACPI: Added _OSI(3.0 _SCP Extensions)
[    0.604024] ACPI: Added _OSI(Processor Aggregator Device)
[    0.624022] ACPI: Added _OSI(Linux-Dell-Video)
[    0.644028] ACPI: Added _OSI(Linux-Lenovo-NV-HDMI-Audio)
[    0.668024] ACPI: Added _OSI(Linux-HPI-Hybrid-Graphics)
[    0.697127] ACPI: Executed 1 blocks of module-level executable AML code
[    0.744589] ACPI: Interpreter enabled
[    0.764074] ACPI: (supports S0 S5)
[    0.784038] ACPI: Using IOAPIC for interrupt routing
[    0.812154] PCI: Using host bridge windows from ACPI; if necessary, use "pci=nocrs" and report a bug
[    0.849244] ACPI: Enabled 2 GPEs in block 00 to 07
[    0.929454] ACPI: PCI Root Bridge [PCI0] (domain 0000 [bus 00-ff])
[    0.960041] acpi PNP0A03:00: _OSC: OS supports [ASPM ClockPM Segments MSI]
[    0.992125] acpi PNP0A03:00: _OSC: not requesting OS control; OS requires [ExtendedConfig ASPM ClockPM MSI]
[    1.036101] acpi PNP0A03:00: fail to add MMCONFIG information, can't access extended PCI configuration space under this bridge.
[    1.094310] PCI host bridge to bus 0000:00
[    1.116028] pci_bus 0000:00: root bus resource [io  0x0000-0x0cf7 window]
[    1.148025] pci_bus 0000:00: root bus resource [io  0x0d00-0xffff window]
[    1.180035] pci_bus 0000:00: root bus resource [mem 0x000a0000-0x000bffff window]
[    1.212027] pci_bus 0000:00: root bus resource [mem 0x40000000-0xfdffffff window]
[    1.240029] pci_bus 0000:00: root bus resource [bus 00-ff]
[    1.298073] pci 0000:00:01.1: legacy IDE quirk: reg 0x10: [io  0x01f0-0x01f7]
[    1.332104] pci 0000:00:01.1: legacy IDE quirk: reg 0x14: [io  0x03f6]
[    1.368023] pci 0000:00:01.1: legacy IDE quirk: reg 0x18: [io  0x0170-0x0177]
[    1.404022] pci 0000:00:01.1: legacy IDE quirk: reg 0x1c: [io  0x0376]
[    1.532903] pci 0000:00:07.0: quirk: [io  0x4000-0x403f] claimed by PIIX4 ACPI
[    1.564193] pci 0000:00:07.0: quirk: [io  0x4100-0x410f] claimed by PIIX4 SMB
[    1.657296] ACPI: PCI Interrupt Link [LNKA] (IRQs 5 9 10 *11)
[    1.686434] ACPI: PCI Interrupt Link [LNKB] (IRQs 5 9 *10 11)
[    1.713254] ACPI: PCI Interrupt Link [LNKC] (IRQs 5 *9 10 11)
[    1.741168] ACPI: PCI Interrupt Link [LNKD] (IRQs 5 9 10 *11)
[    1.770822] SCSI subsystem initialized
[    1.792759] pci 0000:00:02.0: vgaarb: setting as boot VGA device
[    1.824042] pci 0000:00:02.0: vgaarb: VGA device added: decodes=io+mem,owns=io+mem,locks=none
[    1.864066] pci 0000:00:02.0: vgaarb: bridge control possible
[    1.896025] vgaarb: loaded
[    1.917218] ACPI: bus type USB registered
[    1.920205] usbcore: registered new interface driver usbfs
[    1.924193] usbcore: registered new interface driver hub
[    1.928078] usbcore: registered new device driver usb
[    1.936395] EDAC MC: Ver: 3.0.0
[    1.952188] PCI: Using ACPI for IRQ routing
[    1.962874] NetLabel: Initializing
[    1.964027] NetLabel:  domain hash size = 128
[    1.968014] NetLabel:  protocols = UNLABELED CIPSOv4 CALIPSO
[    1.972075] NetLabel:  unlabeled traffic allowed by default
[    1.980932] clocksource: Switched to clocksource kvm-clock
[    2.003488] VFS: Disk quotas dquot_6.6.0
[    2.003488] VFS: Dquot-cache hash table entries: 512 (order 0, 4096 bytes)
[    2.003488] AppArmor: AppArmor Filesystem Enabled
[    2.003488] pnp: PnP ACPI init
[    2.003488] pnp: PnP ACPI: found 3 devices
[    2.388661] clocksource: acpi_pm: mask: 0xffffff max_cycles: 0xffffff, max_idle_ns: 2085701024 ns
[    2.392459] NET: Registered protocol family 2
[    2.392459] IP idents hash table entries: 16384 (order: 5, 131072 bytes)
[    2.463182] TCP established hash table entries: 8192 (order: 4, 65536 bytes)
[    2.485387] TCP bind hash table entries: 8192 (order: 5, 131072 bytes)
[    2.508348] TCP: Hash tables configured (established 8192 bind 8192)
[    2.510257] UDP hash table entries: 512 (order: 2, 16384 bytes)
[    2.510257] UDP-Lite hash table entries: 512 (order: 2, 16384 bytes)
[    2.510257] NET: Registered protocol family 1
[    2.510257] pci 0000:00:00.0: Limiting direct PCI/PCI transfers
[    2.621428] pci 0000:00:01.0: Activating ISA DMA hang workarounds
[    2.625256] pci 0000:00:02.0: Video device with shadowed ROM at [mem 0x000c0000-0x000dffff]
[    2.625256] Unpacking initramfs...
[    4.183889] Freeing initrd memory: 19532K
[    4.183889] clocksource: tsc: mask: 0xffffffffffffffff max_cycles: 0x1128b1be6ad, max_idle_ns: 440795207191 ns
[    4.525019] platform rtc_cmos: registered platform RTC device (no PNP device found)
[    4.528401] Scanning for low memory corruption every 60 seconds
[    4.588076] Initialise system trusted keyrings
[    4.588076] Key type blacklist registered
[    4.627305] workingset: timestamp_bits=36 max_order=18 bucket_order=0
[    4.629329] zbud: loaded
[    4.678355] squashfs: version 4.0 (2009/01/31) Phillip Lougher
[    4.710454] fuse init (API version 7.26)
[    4.811481] Key type asymmetric registered
[    4.825750] Asymmetric key parser 'x509' registered
[    4.845603] Block layer SCSI generic (bsg) driver version 0.4 loaded (major 246)
[    4.874856] io scheduler noop registered
[    4.889958] io scheduler deadline registered
[    4.905197] io scheduler cfq registered (default)
[    4.927957] ACPI: AC Adapter [AC] (on-line)
[    4.945403] input: Power Button as /devices/LNXSYSTM:00/LNXPWRBN:00/input/input0
[    4.977317] ACPI: Power Button [PWRF]
[    4.993318] input: Sleep Button as /devices/LNXSYSTM:00/LNXSLPBN:00/input/input1
[    5.021706] ACPI: Sleep Button [SLPF]
[    5.041912] Serial: 8250/16550 driver, 32 ports, IRQ sharing enabled
[    5.049969] ACPI: Battery Slot [BAT0] (battery present)
[    5.129382] 00:02: ttyS0 at I/O 0x3f8 (irq = 4, base_baud = 115200) is a 16550A
[    5.164704] Linux agpgart interface v0.103
[    5.228237] loop: module loaded
[    5.256257] scsi host0: ata_piix
[    5.272922] scsi host1: ata_piix
[    5.287121] ata1: PATA max UDMA/33 cmd 0x1f0 ctl 0x3f6 bmdma 0xd000 irq 14
[    5.313860] ata2: PATA max UDMA/33 cmd 0x170 ctl 0x376 bmdma 0xd008 irq 15
[    5.340294] tun: Universal TUN/TAP device driver, 1.6
[    5.362717] PPP generic driver version 2.4.2
[    5.380833] ehci_hcd: USB 2.0 'Enhanced' Host Controller (EHCI) Driver
[    5.402813] ehci-pci: EHCI PCI platform driver
[    5.420382] ehci-platform: EHCI generic platform driver
[    5.440300] ohci_hcd: USB 1.1 'Open' Host Controller (OHCI) Driver
[    5.461221] ohci-pci: OHCI PCI platform driver
[    5.478867] ohci-platform: OHCI generic platform driver
[    5.498820] uhci_hcd: USB Universal Host Controller Interface driver
[    5.523939] i8042: PNP: PS/2 Controller [PNP0303:PS2K,PNP0f03:PS2M] at 0x60,0x64 irq 1,12
[    5.571065] serio: i8042 KBD port at 0x60,0x64 irq 1
[    5.590185] serio: i8042 AUX port at 0x60,0x64 irq 12
[    5.687330] mousedev: PS/2 mouse device common for all mice
[    5.726359] rtc_cmos rtc_cmos: rtc core: registered rtc_cmos as rtc0
[    5.762020] rtc_cmos rtc_cmos: alarms up to one day, 114 bytes nvram
[    5.762983] input: AT Translated Set 2 keyboard as /devices/platform/i8042/serio0/input/input2
[    5.797103] i2c /dev entries driver
[    5.843171] device-mapper: uevent: version 1.0.3
[    5.867222] device-mapper: ioctl: 4.37.0-ioctl (2017-09-20) initialised: dm-devel@redhat.com
[    5.909061] ledtrig-cpu: registered to indicate activity on CPUs
[    5.948350] NET: Registered protocol family 10
[    6.019158] Segment Routing with IPv6
[    6.036313] NET: Registered protocol family 17
[    6.058843] Key type dns_resolver registered
[    6.083438] mce: Using 0 MCE banks
[    6.096799] RAS: Correctable Errors collector initialized.
[    6.120545] sched_clock: Marking stable (6120191379, 0)->(9762433155, -3642241776)
[    6.175922] registered taskstats version 1
[    6.194600] Loading compiled-in X.509 certificates
[    6.237376] Loaded X.509 cert 'Build time autogenerated kernel key: 29e5beaa583364da097e68c9386761f80dbce7ef'
[    6.276772] Loaded X.509 cert 'Canonical Ltd. Live Patch Signing: 14df34d1a87cf37625abec039ef2bf521249b969'
[    6.324096] Loaded X.509 cert 'Canonical Ltd. Kernel Module Signing: 88f752e560a1e0737e31163a466ad7b70a850c19'
[    6.369290] blacklist: Loading compiled-in revocation X.509 certificates
[    6.397200] Loaded X.509 cert 'Canonical Ltd. Secure Boot Signing: 61482aa2830d0ab2ad5af10b7250da9033ddcef0'
[    6.446927] zswap: loaded using pool lzo/zbud
[    6.505621] Key type big_key registered
[    6.522440] Key type trusted registered
[    6.557359] Key type encrypted registered
[    6.578242] AppArmor: AppArmor sha1 policy hashing enabled
[    6.605908] ima: No TPM chip found, activating TPM-bypass! (rc=-19)
[    6.633320] ima: Allocated hash algorithm: sha1
[    6.656569] evm: HMAC attrs: 0x1
[    6.678228]   Magic number: 7:888:329
[    6.697632] tty tty50: hash matches
[    6.718693] rtc_cmos rtc_cmos: setting system clock to 2023-05-18 12:20:04 UTC (1684412404)
[    6.762446] BIOS EDD facility v0.16 2004-Jun-25, 0 devices found
[    6.786470] EDD information not available.
[    6.819670] Freeing unused kernel image memory: 2472K
[    6.848678] Write protecting the kernel read-only data: 20480k
[    6.876318] Freeing unused kernel image memory: 2008K
[    6.897824] Freeing unused kernel image memory: 1824K
[    6.944110] x86/mm: Checked W+X mappings: passed, no W+X pages found.
Loading, please wait...
starting version 237
[    7.378025] e1000: Intel(R) PRO/1000 Network Driver - version 7.3.21-k8-NAPI
[    7.408274] e1000: Copyright (c) 1999-2006 Intel Corporation.
[    7.461018] Fusion MPT base driver 3.04.20
[    7.474547] Copyright (c) 1999-2008 LSI Corporation
[    7.663584] Fusion MPT SPI Host driver 3.04.20
[    7.830547] input: ImExPS/2 Generic Explorer Mouse as /devices/platform/i8042/serio1/input/input4
[    9.640862] e1000 0000:00:03.0 eth0: (PCI:33MHz:32-bit) 02:40:49:ac:f0:20
[    9.668010] e1000 0000:00:03.0 eth0: Intel(R) PRO/1000 Network Connection
[   11.639955] e1000 0000:00:08.0 eth1: (PCI:33MHz:32-bit) 08:00:27:50:07:d6
[   11.667175] e1000 0000:00:08.0 eth1: Intel(R) PRO/1000 Network Connection
[   11.707305] e1000 0000:00:08.0 enp0s8: renamed from eth1
[   11.733130] mptbase: ioc0: Initiating bringup
